{"C:\\Users\\acer\\Desktop\\Dev\\Udemy\\05.FullStack\\01.cashtraker\\backend\\src\\server.ts": {"path":"C:\\Users\\acer\\Desktop\\Dev\\Udemy\\05.FullStack\\01.cashtraker\\backend\\src\\server.ts","statementMap":{"0":{"start":{"line":8,"column":0},"end":{"line":8,"column":7}},"1":{"start":{"line":1,"column":0},"end":{"line":1,"column":29}},"2":{"start":{"line":3,"column":0},"end":{"line":3,"column":27}},"3":{"start":{"line":4,"column":0},"end":{"line":4,"column":32}},"4":{"start":{"line":5,"column":0},"end":{"line":5,"column":48}},"5":{"start":{"line":6,"column":0},"end":{"line":6,"column":44}},"6":{"start":{"line":9,"column":4},"end":{"line":16,"column":5}},"7":{"start":{"line":10,"column":8},"end":{"line":10,"column":32}},"8":{"start":{"line":11,"column":8},"end":{"line":11,"column":18}},"9":{"start":{"line":19,"column":0},"end":{"line":19,"column":12}},"10":{"start":{"line":21,"column":12},"end":{"line":21,"column":21}},"11":{"start":{"line":23,"column":0},"end":{"line":23,"column":23}},"12":{"start":{"line":25,"column":0},"end":{"line":25,"column":24}},"13":{"start":{"line":27,"column":0},"end":{"line":27,"column":38}},"14":{"start":{"line":28,"column":0},"end":{"line":28,"column":33}},"15":{"start":{"line":30,"column":0},"end":{"line":30,"column":19}}},"fnMap":{"0":{"name":"connectDB","decl":{"start":{"line":8,"column":22},"end":{"line":8,"column":31}},"loc":{"start":{"line":8,"column":31},"end":{"line":17,"column":1}}}},"branchMap":{},"s":{"0":1,"1":1,"2":1,"3":1,"4":1,"5":1,"6":1,"7":1,"8":1,"9":1,"10":1,"11":1,"12":1,"13":1,"14":1,"15":1},"f":{"0":1},"b":{}}
,"C:\\Users\\acer\\Desktop\\Dev\\Udemy\\05.FullStack\\01.cashtraker\\backend\\src\\config\\db.ts": {"path":"C:\\Users\\acer\\Desktop\\Dev\\Udemy\\05.FullStack\\01.cashtraker\\backend\\src\\config\\db.ts","statementMap":{"0":{"start":{"line":1,"column":0},"end":{"line":1,"column":49}},"1":{"start":{"line":2,"column":0},"end":{"line":2,"column":28}},"2":{"start":{"line":3,"column":0},"end":{"line":3,"column":24}},"3":{"start":{"line":5,"column":0},"end":{"line":5,"column":16}},"4":{"start":{"line":7,"column":13},"end":{"line":15,"column":3}}},"fnMap":{},"branchMap":{},"s":{"0":1,"1":1,"2":1,"3":1,"4":1},"f":{},"b":{}}
,"C:\\Users\\acer\\Desktop\\Dev\\Udemy\\05.FullStack\\01.cashtraker\\backend\\src\\config\\limiter.ts": {"path":"C:\\Users\\acer\\Desktop\\Dev\\Udemy\\05.FullStack\\01.cashtraker\\backend\\src\\config\\limiter.ts","statementMap":{"0":{"start":{"line":1,"column":0},"end":{"line":1,"column":47}},"1":{"start":{"line":3,"column":13},"end":{"line":7,"column":3}}},"fnMap":{},"branchMap":{"0":{"loc":{"start":{"line":5,"column":11},"end":{"line":5,"column":58}},"type":"cond-expr","locations":[{"start":{"line":5,"column":51},"end":{"line":5,"column":52}},{"start":{"line":5,"column":55},"end":{"line":5,"column":58}}]}},"s":{"0":1,"1":1},"f":{},"b":{"0":[0,1]}}
,"C:\\Users\\acer\\Desktop\\Dev\\Udemy\\05.FullStack\\01.cashtraker\\backend\\src\\config\\nodemailer.ts": {"path":"C:\\Users\\acer\\Desktop\\Dev\\Udemy\\05.FullStack\\01.cashtraker\\backend\\src\\config\\nodemailer.ts","statementMap":{"0":{"start":{"line":1,"column":0},"end":{"line":1,"column":36}},"1":{"start":{"line":2,"column":0},"end":{"line":2,"column":28}},"2":{"start":{"line":3,"column":0},"end":{"line":3,"column":16}},"3":{"start":{"line":5,"column":15},"end":{"line":14,"column":1}},"4":{"start":{"line":6,"column":4},"end":{"line":13,"column":null}},"5":{"start":{"line":16,"column":13},"end":{"line":16,"column":62}}},"fnMap":{"0":{"name":"(anonymous_1)","decl":{"start":{"line":5,"column":15},"end":{"line":5,"column":18}},"loc":{"start":{"line":5,"column":20},"end":{"line":14,"column":1}}}},"branchMap":{},"s":{"0":2,"1":2,"2":2,"3":2,"4":2,"5":2},"f":{"0":2},"b":{}}
,"C:\\Users\\acer\\Desktop\\Dev\\Udemy\\05.FullStack\\01.cashtraker\\backend\\src\\controllers\\AuthController.ts": {"path":"C:\\Users\\acer\\Desktop\\Dev\\Udemy\\05.FullStack\\01.cashtraker\\backend\\src\\controllers\\AuthController.ts","statementMap":{"0":{"start":{"line":2,"column":0},"end":{"line":2,"column":34}},"1":{"start":{"line":3,"column":0},"end":{"line":3,"column":52}},"2":{"start":{"line":4,"column":0},"end":{"line":4,"column":47}},"3":{"start":{"line":5,"column":0},"end":{"line":5,"column":43}},"4":{"start":{"line":6,"column":0},"end":{"line":6,"column":47}},"5":{"start":{"line":9,"column":26},"end":{"line":41,"column":5}},"6":{"start":{"line":10,"column":36},"end":{"line":10,"column":44}},"7":{"start":{"line":11,"column":26},"end":{"line":11,"column":66}},"8":{"start":{"line":12,"column":8},"end":{"line":16,"column":9}},"9":{"start":{"line":13,"column":32},"end":{"line":13,"column":89}},"10":{"start":{"line":14,"column":12},"end":{"line":14,"column":53}},"11":{"start":{"line":15,"column":12},"end":{"line":15,"column":19}},"12":{"start":{"line":18,"column":8},"end":{"line":40,"column":9}},"13":{"start":{"line":19,"column":25},"end":{"line":19,"column":52}},"14":{"start":{"line":20,"column":12},"end":{"line":20,"column":53}},"15":{"start":{"line":21,"column":26},"end":{"line":21,"column":41}},"16":{"start":{"line":22,"column":12},"end":{"line":22,"column":31}},"17":{"start":{"line":24,"column":12},"end":{"line":26,"column":13}},"18":{"start":{"line":25,"column":16},"end":{"line":25,"column":63}},"19":{"start":{"line":28,"column":12},"end":{"line":28,"column":30}},"20":{"start":{"line":30,"column":12},"end":{"line":34,"column":null}},"21":{"start":{"line":36,"column":12},"end":{"line":36,"column":64}},"22":{"start":{"line":39,"column":12},"end":{"line":39,"column":61}},"23":{"start":{"line":43,"column":27},"end":{"line":57,"column":5}},"24":{"start":{"line":44,"column":26},"end":{"line":44,"column":34}},"25":{"start":{"line":45,"column":21},"end":{"line":45,"column":61}},"26":{"start":{"line":46,"column":8},"end":{"line":50,"column":9}},"27":{"start":{"line":47,"column":32},"end":{"line":47,"column":60}},"28":{"start":{"line":48,"column":12},"end":{"line":48,"column":53}},"29":{"start":{"line":49,"column":12},"end":{"line":49,"column":19}},"30":{"start":{"line":52,"column":8},"end":{"line":52,"column":28}},"31":{"start":{"line":53,"column":8},"end":{"line":53,"column":26}},"32":{"start":{"line":54,"column":8},"end":{"line":54,"column":26}},"33":{"start":{"line":56,"column":8},"end":{"line":56,"column":52}},"34":{"start":{"line":59,"column":19},"end":{"line":84,"column":5}},"35":{"start":{"line":60,"column":36},"end":{"line":60,"column":44}},"36":{"start":{"line":61,"column":21},"end":{"line":61,"column":61}},"37":{"start":{"line":62,"column":8},"end":{"line":66,"column":9}},"38":{"start":{"line":63,"column":32},"end":{"line":63,"column":66}},"39":{"start":{"line":64,"column":12},"end":{"line":64,"column":53}},"40":{"start":{"line":65,"column":12},"end":{"line":65,"column":19}},"41":{"start":{"line":67,"column":8},"end":{"line":71,"column":9}},"42":{"start":{"line":68,"column":32},"end":{"line":68,"column":75}},"43":{"start":{"line":69,"column":12},"end":{"line":69,"column":53}},"44":{"start":{"line":70,"column":12},"end":{"line":70,"column":19}},"45":{"start":{"line":73,"column":30},"end":{"line":73,"column":70}},"46":{"start":{"line":75,"column":8},"end":{"line":79,"column":9}},"47":{"start":{"line":76,"column":32},"end":{"line":76,"column":64}},"48":{"start":{"line":77,"column":12},"end":{"line":77,"column":53}},"49":{"start":{"line":78,"column":12},"end":{"line":78,"column":19}},"50":{"start":{"line":81,"column":22},"end":{"line":81,"column":42}},"51":{"start":{"line":83,"column":8},"end":{"line":83,"column":24}},"52":{"start":{"line":86,"column":24},"end":{"line":105,"column":5}},"53":{"start":{"line":87,"column":36},"end":{"line":87,"column":44}},"54":{"start":{"line":88,"column":21},"end":{"line":88,"column":61}},"55":{"start":{"line":89,"column":8},"end":{"line":93,"column":9}},"56":{"start":{"line":90,"column":32},"end":{"line":90,"column":65}},"57":{"start":{"line":91,"column":12},"end":{"line":91,"column":53}},"58":{"start":{"line":92,"column":12},"end":{"line":92,"column":19}},"59":{"start":{"line":95,"column":8},"end":{"line":95,"column":37}},"60":{"start":{"line":96,"column":8},"end":{"line":96,"column":26}},"61":{"start":{"line":98,"column":8},"end":{"line":102,"column":11}},"62":{"start":{"line":104,"column":8},"end":{"line":104,"column":56}},"63":{"start":{"line":107,"column":27},"end":{"line":117,"column":5}},"64":{"start":{"line":108,"column":26},"end":{"line":108,"column":34}},"65":{"start":{"line":109,"column":28},"end":{"line":109,"column":68}},"66":{"start":{"line":110,"column":8},"end":{"line":114,"column":9}},"67":{"start":{"line":111,"column":32},"end":{"line":111,"column":60}},"68":{"start":{"line":112,"column":12},"end":{"line":112,"column":53}},"69":{"start":{"line":113,"column":12},"end":{"line":113,"column":19}},"70":{"start":{"line":116,"column":8},"end":{"line":116,"column":null}},"71":{"start":{"line":119,"column":32},"end":{"line":135,"column":5}},"72":{"start":{"line":120,"column":26},"end":{"line":120,"column":36}},"73":{"start":{"line":121,"column":29},"end":{"line":121,"column":37}},"74":{"start":{"line":123,"column":21},"end":{"line":123,"column":61}},"75":{"start":{"line":124,"column":8},"end":{"line":128,"column":9}},"76":{"start":{"line":125,"column":32},"end":{"line":125,"column":60}},"77":{"start":{"line":126,"column":12},"end":{"line":126,"column":53}},"78":{"start":{"line":127,"column":12},"end":{"line":127,"column":19}},"79":{"start":{"line":130,"column":8},"end":{"line":130,"column":49}},"80":{"start":{"line":131,"column":8},"end":{"line":131,"column":26}},"81":{"start":{"line":132,"column":8},"end":{"line":132,"column":26}},"82":{"start":{"line":134,"column":8},"end":{"line":134,"column":58}},"83":{"start":{"line":137,"column":18},"end":{"line":139,"column":5}},"84":{"start":{"line":138,"column":8},"end":{"line":138,"column":27}},"85":{"start":{"line":141,"column":32},"end":{"line":157,"column":5}},"86":{"start":{"line":142,"column":47},"end":{"line":142,"column":55}},"87":{"start":{"line":143,"column":23},"end":{"line":143,"column":31}},"88":{"start":{"line":144,"column":21},"end":{"line":144,"column":44}},"89":{"start":{"line":146,"column":30},"end":{"line":146,"column":78}},"90":{"start":{"line":147,"column":8},"end":{"line":151,"column":9}},"91":{"start":{"line":148,"column":32},"end":{"line":148,"column":77}},"92":{"start":{"line":149,"column":12},"end":{"line":149,"column":53}},"93":{"start":{"line":150,"column":12},"end":{"line":150,"column":19}},"94":{"start":{"line":153,"column":8},"end":{"line":153,"column":49}},"95":{"start":{"line":154,"column":8},"end":{"line":154,"column":null}},"96":{"start":{"line":156,"column":8},"end":{"line":156,"column":58}},"97":{"start":{"line":159,"column":23},"end":{"line":172,"column":5}},"98":{"start":{"line":160,"column":29},"end":{"line":160,"column":37}},"99":{"start":{"line":161,"column":23},"end":{"line":161,"column":31}},"100":{"start":{"line":162,"column":21},"end":{"line":162,"column":44}},"101":{"start":{"line":164,"column":30},"end":{"line":164,"column":70}},"102":{"start":{"line":165,"column":8},"end":{"line":169,"column":9}},"103":{"start":{"line":166,"column":32},"end":{"line":166,"column":77}},"104":{"start":{"line":167,"column":12},"end":{"line":167,"column":53}},"105":{"start":{"line":168,"column":12},"end":{"line":168,"column":19}},"106":{"start":{"line":171,"column":8},"end":{"line":171,"column":38}},"107":{"start":{"line":8,"column":0},"end":{"line":8,"column":13}}},"fnMap":{"0":{"name":"(anonymous_1)","decl":{"start":{"line":9,"column":26},"end":{"line":9,"column":31}},"loc":{"start":{"line":9,"column":64},"end":{"line":41,"column":5}}},"1":{"name":"(anonymous_2)","decl":{"start":{"line":43,"column":27},"end":{"line":43,"column":32}},"loc":{"start":{"line":43,"column":65},"end":{"line":57,"column":5}}},"2":{"name":"(anonymous_3)","decl":{"start":{"line":59,"column":19},"end":{"line":59,"column":24}},"loc":{"start":{"line":59,"column":57},"end":{"line":84,"column":5}}},"3":{"name":"(anonymous_4)","decl":{"start":{"line":86,"column":24},"end":{"line":86,"column":29}},"loc":{"start":{"line":86,"column":62},"end":{"line":105,"column":5}}},"4":{"name":"(anonymous_5)","decl":{"start":{"line":107,"column":27},"end":{"line":107,"column":32}},"loc":{"start":{"line":107,"column":65},"end":{"line":117,"column":5}}},"5":{"name":"(anonymous_6)","decl":{"start":{"line":119,"column":32},"end":{"line":119,"column":37}},"loc":{"start":{"line":119,"column":70},"end":{"line":135,"column":5}}},"6":{"name":"(anonymous_7)","decl":{"start":{"line":137,"column":18},"end":{"line":137,"column":23}},"loc":{"start":{"line":137,"column":56},"end":{"line":139,"column":5}}},"7":{"name":"(anonymous_8)","decl":{"start":{"line":141,"column":32},"end":{"line":141,"column":37}},"loc":{"start":{"line":141,"column":70},"end":{"line":157,"column":5}}},"8":{"name":"(anonymous_9)","decl":{"start":{"line":159,"column":23},"end":{"line":159,"column":28}},"loc":{"start":{"line":159,"column":61},"end":{"line":172,"column":5}}}},"branchMap":{"0":{"loc":{"start":{"line":12,"column":8},"end":{"line":16,"column":9}},"type":"if","locations":[{"start":{"line":12,"column":8},"end":{"line":16,"column":9}},{"start":{},"end":{}}]},"1":{"loc":{"start":{"line":24,"column":12},"end":{"line":26,"column":13}},"type":"if","locations":[{"start":{"line":24,"column":12},"end":{"line":26,"column":13}},{"start":{},"end":{}}]},"2":{"loc":{"start":{"line":46,"column":8},"end":{"line":50,"column":9}},"type":"if","locations":[{"start":{"line":46,"column":8},"end":{"line":50,"column":9}},{"start":{},"end":{}}]},"3":{"loc":{"start":{"line":62,"column":8},"end":{"line":66,"column":9}},"type":"if","locations":[{"start":{"line":62,"column":8},"end":{"line":66,"column":9}},{"start":{},"end":{}}]},"4":{"loc":{"start":{"line":67,"column":8},"end":{"line":71,"column":9}},"type":"if","locations":[{"start":{"line":67,"column":8},"end":{"line":71,"column":9}},{"start":{},"end":{}}]},"5":{"loc":{"start":{"line":75,"column":8},"end":{"line":79,"column":9}},"type":"if","locations":[{"start":{"line":75,"column":8},"end":{"line":79,"column":9}},{"start":{},"end":{}}]},"6":{"loc":{"start":{"line":89,"column":8},"end":{"line":93,"column":9}},"type":"if","locations":[{"start":{"line":89,"column":8},"end":{"line":93,"column":9}},{"start":{},"end":{}}]},"7":{"loc":{"start":{"line":110,"column":8},"end":{"line":114,"column":9}},"type":"if","locations":[{"start":{"line":110,"column":8},"end":{"line":114,"column":9}},{"start":{},"end":{}}]},"8":{"loc":{"start":{"line":124,"column":8},"end":{"line":128,"column":9}},"type":"if","locations":[{"start":{"line":124,"column":8},"end":{"line":128,"column":9}},{"start":{},"end":{}}]},"9":{"loc":{"start":{"line":147,"column":8},"end":{"line":151,"column":9}},"type":"if","locations":[{"start":{"line":147,"column":8},"end":{"line":151,"column":9}},{"start":{},"end":{}}]},"10":{"loc":{"start":{"line":165,"column":8},"end":{"line":169,"column":9}},"type":"if","locations":[{"start":{"line":165,"column":8},"end":{"line":169,"column":9}},{"start":{},"end":{}}]}},"s":{"0":2,"1":2,"2":2,"3":2,"4":2,"5":2,"6":5,"7":5,"8":5,"9":3,"10":3,"11":3,"12":2,"13":2,"14":2,"15":2,"16":2,"17":2,"18":2,"19":2,"20":2,"21":2,"22":0,"23":2,"24":2,"25":2,"26":2,"27":1,"28":1,"29":1,"30":1,"31":1,"32":1,"33":1,"34":2,"35":14,"36":14,"37":14,"38":2,"39":2,"40":2,"41":12,"42":3,"43":3,"44":3,"45":9,"46":9,"47":2,"48":2,"49":2,"50":7,"51":7,"52":2,"53":0,"54":0,"55":0,"56":0,"57":0,"58":0,"59":0,"60":0,"61":0,"62":0,"63":2,"64":0,"65":0,"66":0,"67":0,"68":0,"69":0,"70":0,"71":2,"72":0,"73":0,"74":0,"75":0,"76":0,"77":0,"78":0,"79":0,"80":0,"81":0,"82":0,"83":2,"84":0,"85":2,"86":0,"87":0,"88":0,"89":0,"90":0,"91":0,"92":0,"93":0,"94":0,"95":0,"96":0,"97":2,"98":0,"99":0,"100":0,"101":0,"102":0,"103":0,"104":0,"105":0,"106":0,"107":2},"f":{"0":5,"1":2,"2":14,"3":0,"4":0,"5":0,"6":0,"7":0,"8":0},"b":{"0":[3,2],"1":[2,0],"2":[1,1],"3":[2,12],"4":[3,9],"5":[2,7],"6":[0,0],"7":[0,0],"8":[0,0],"9":[0,0],"10":[0,0]}}
,"C:\\Users\\acer\\Desktop\\Dev\\Udemy\\05.FullStack\\01.cashtraker\\backend\\src\\controllers\\BudgetController.ts": {"path":"C:\\Users\\acer\\Desktop\\Dev\\Udemy\\05.FullStack\\01.cashtraker\\backend\\src\\controllers\\BudgetController.ts","statementMap":{"0":{"start":{"line":2,"column":0},"end":{"line":2,"column":38}},"1":{"start":{"line":3,"column":0},"end":{"line":3,"column":40}},"2":{"start":{"line":6,"column":20},"end":{"line":21,"column":5}},"3":{"start":{"line":7,"column":8},"end":{"line":20,"column":9}},"4":{"start":{"line":8,"column":28},"end":{"line":15,"column":14}},"5":{"start":{"line":16,"column":12},"end":{"line":16,"column":30}},"6":{"start":{"line":19,"column":12},"end":{"line":19,"column":61}},"7":{"start":{"line":23,"column":20},"end":{"line":33,"column":5}},"8":{"start":{"line":24,"column":8},"end":{"line":32,"column":9}},"9":{"start":{"line":25,"column":27},"end":{"line":25,"column":56}},"10":{"start":{"line":26,"column":12},"end":{"line":26,"column":40}},"11":{"start":{"line":27,"column":12},"end":{"line":27,"column":null}},"12":{"start":{"line":28,"column":12},"end":{"line":28,"column":69}},"13":{"start":{"line":31,"column":12},"end":{"line":31,"column":61}},"14":{"start":{"line":35,"column":21},"end":{"line":40,"column":5}},"15":{"start":{"line":36,"column":23},"end":{"line":38,"column":10}},"16":{"start":{"line":39,"column":8},"end":{"line":39,"column":37}},"17":{"start":{"line":42,"column":24},"end":{"line":45,"column":5}},"18":{"start":{"line":43,"column":8},"end":{"line":43,"column":42}},"19":{"start":{"line":44,"column":8},"end":{"line":44,"column":58}},"20":{"start":{"line":47,"column":24},"end":{"line":50,"column":5}},"21":{"start":{"line":48,"column":8},"end":{"line":48,"column":null}},"22":{"start":{"line":49,"column":8},"end":{"line":49,"column":56}},"23":{"start":{"line":5,"column":0},"end":{"line":5,"column":13}}},"fnMap":{"0":{"name":"(anonymous_1)","decl":{"start":{"line":6,"column":20},"end":{"line":6,"column":25}},"loc":{"start":{"line":6,"column":58},"end":{"line":21,"column":5}}},"1":{"name":"(anonymous_2)","decl":{"start":{"line":23,"column":20},"end":{"line":23,"column":25}},"loc":{"start":{"line":23,"column":58},"end":{"line":33,"column":5}}},"2":{"name":"(anonymous_3)","decl":{"start":{"line":35,"column":21},"end":{"line":35,"column":26}},"loc":{"start":{"line":35,"column":59},"end":{"line":40,"column":5}}},"3":{"name":"(anonymous_4)","decl":{"start":{"line":42,"column":24},"end":{"line":42,"column":29}},"loc":{"start":{"line":42,"column":62},"end":{"line":45,"column":5}}},"4":{"name":"(anonymous_5)","decl":{"start":{"line":47,"column":24},"end":{"line":47,"column":29}},"loc":{"start":{"line":47,"column":62},"end":{"line":50,"column":5}}}},"branchMap":{},"s":{"0":2,"1":2,"2":2,"3":5,"4":5,"5":4,"6":1,"7":2,"8":3,"9":3,"10":2,"11":2,"12":2,"13":1,"14":2,"15":4,"16":4,"17":2,"18":2,"19":2,"20":2,"21":2,"22":2,"23":2},"f":{"0":5,"1":3,"2":4,"3":2,"4":2},"b":{}}
,"C:\\Users\\acer\\Desktop\\Dev\\Udemy\\05.FullStack\\01.cashtraker\\backend\\src\\controllers\\ExpenseController.ts": {"path":"C:\\Users\\acer\\Desktop\\Dev\\Udemy\\05.FullStack\\01.cashtraker\\backend\\src\\controllers\\ExpenseController.ts","statementMap":{"0":{"start":{"line":2,"column":0},"end":{"line":2,"column":40}},"1":{"start":{"line":5,"column":20},"end":{"line":16,"column":5}},"2":{"start":{"line":6,"column":8},"end":{"line":15,"column":9}},"3":{"start":{"line":7,"column":28},"end":{"line":7,"column":58}},"4":{"start":{"line":8,"column":12},"end":{"line":8,"column":45}},"5":{"start":{"line":10,"column":12},"end":{"line":10,"column":33}},"6":{"start":{"line":11,"column":12},"end":{"line":11,"column":65}},"7":{"start":{"line":14,"column":12},"end":{"line":14,"column":61}},"8":{"start":{"line":18,"column":21},"end":{"line":20,"column":5}},"9":{"start":{"line":19,"column":8},"end":{"line":19,"column":30}},"10":{"start":{"line":22,"column":24},"end":{"line":25,"column":5}},"11":{"start":{"line":23,"column":8},"end":{"line":23,"column":43}},"12":{"start":{"line":24,"column":8},"end":{"line":24,"column":47}},"13":{"start":{"line":27,"column":24},"end":{"line":30,"column":5}},"14":{"start":{"line":28,"column":8},"end":{"line":28,"column":36}},"15":{"start":{"line":29,"column":8},"end":{"line":29,"column":null}},"16":{"start":{"line":4,"column":0},"end":{"line":4,"column":13}}},"fnMap":{"0":{"name":"(anonymous_1)","decl":{"start":{"line":5,"column":20},"end":{"line":5,"column":25}},"loc":{"start":{"line":5,"column":58},"end":{"line":16,"column":5}}},"1":{"name":"(anonymous_2)","decl":{"start":{"line":18,"column":21},"end":{"line":18,"column":26}},"loc":{"start":{"line":18,"column":59},"end":{"line":20,"column":5}}},"2":{"name":"(anonymous_3)","decl":{"start":{"line":22,"column":24},"end":{"line":22,"column":29}},"loc":{"start":{"line":22,"column":62},"end":{"line":25,"column":5}}},"3":{"name":"(anonymous_4)","decl":{"start":{"line":27,"column":24},"end":{"line":27,"column":29}},"loc":{"start":{"line":27,"column":62},"end":{"line":30,"column":5}}}},"branchMap":{},"s":{"0":2,"1":2,"2":2,"3":2,"4":1,"5":1,"6":1,"7":1,"8":2,"9":1,"10":2,"11":1,"12":1,"13":2,"14":1,"15":1,"16":2},"f":{"0":2,"1":1,"2":1,"3":1},"b":{}}
,"C:\\Users\\acer\\Desktop\\Dev\\Udemy\\05.FullStack\\01.cashtraker\\backend\\src\\email\\AuthEmail.ts": {"path":"C:\\Users\\acer\\Desktop\\Dev\\Udemy\\05.FullStack\\01.cashtraker\\backend\\src\\email\\AuthEmail.ts","statementMap":{"0":{"start":{"line":1,"column":0},"end":{"line":1,"column":49}},"1":{"start":{"line":10,"column":35},"end":{"line":23,"column":5}},"2":{"start":{"line":11,"column":22},"end":{"line":20,"column":10}},"3":{"start":{"line":25,"column":32},"end":{"line":38,"column":5}},"4":{"start":{"line":26,"column":22},"end":{"line":35,"column":10}},"5":{"start":{"line":37,"column":8},"end":{"line":37,"column":71}},"6":{"start":{"line":9,"column":0},"end":{"line":9,"column":13}}},"fnMap":{"0":{"name":"(anonymous_0)","decl":{"start":{"line":10,"column":35},"end":{"line":10,"column":40}},"loc":{"start":{"line":10,"column":61},"end":{"line":23,"column":5}}},"1":{"name":"(anonymous_1)","decl":{"start":{"line":25,"column":32},"end":{"line":25,"column":37}},"loc":{"start":{"line":25,"column":58},"end":{"line":38,"column":5}}}},"branchMap":{},"s":{"0":2,"1":2,"2":1,"3":2,"4":0,"5":0,"6":2},"f":{"0":1,"1":0},"b":{}}
,"C:\\Users\\acer\\Desktop\\Dev\\Udemy\\05.FullStack\\01.cashtraker\\backend\\src\\middleware\\auth.ts": {"path":"C:\\Users\\acer\\Desktop\\Dev\\Udemy\\05.FullStack\\01.cashtraker\\backend\\src\\middleware\\auth.ts","statementMap":{"0":{"start":{"line":2,"column":0},"end":{"line":2,"column":31}},"1":{"start":{"line":3,"column":0},"end":{"line":3,"column":34}},"2":{"start":{"line":13,"column":20},"end":{"line":38,"column":1}},"3":{"start":{"line":14,"column":19},"end":{"line":14,"column":44}},"4":{"start":{"line":15,"column":4},"end":{"line":19,"column":5}},"5":{"start":{"line":16,"column":28},"end":{"line":16,"column":54}},"6":{"start":{"line":17,"column":8},"end":{"line":17,"column":49}},"7":{"start":{"line":18,"column":8},"end":{"line":18,"column":15}},"8":{"start":{"line":20,"column":18},"end":{"line":20,"column":38}},"9":{"start":{"line":21,"column":4},"end":{"line":25,"column":5}},"10":{"start":{"line":22,"column":28},"end":{"line":22,"column":56}},"11":{"start":{"line":23,"column":8},"end":{"line":23,"column":49}},"12":{"start":{"line":24,"column":8},"end":{"line":24,"column":15}},"13":{"start":{"line":27,"column":4},"end":{"line":37,"column":5}},"14":{"start":{"line":28,"column":24},"end":{"line":28,"column":65}},"15":{"start":{"line":29,"column":8},"end":{"line":34,"column":9}},"16":{"start":{"line":30,"column":12},"end":{"line":32,"column":15}},"17":{"start":{"line":33,"column":12},"end":{"line":33,"column":null}},"18":{"start":{"line":36,"column":8},"end":{"line":36,"column":59}},"19":{"start":{"line":13,"column":13},"end":{"line":13,"column":20}}},"fnMap":{"0":{"name":"(anonymous_1)","decl":{"start":{"line":13,"column":20},"end":{"line":13,"column":25}},"loc":{"start":{"line":13,"column":78},"end":{"line":38,"column":1}}}},"branchMap":{"0":{"loc":{"start":{"line":15,"column":4},"end":{"line":19,"column":5}},"type":"if","locations":[{"start":{"line":15,"column":4},"end":{"line":19,"column":5}},{"start":{},"end":{}}]},"1":{"loc":{"start":{"line":21,"column":4},"end":{"line":25,"column":5}},"type":"if","locations":[{"start":{"line":21,"column":4},"end":{"line":25,"column":5}},{"start":{},"end":{}}]},"2":{"loc":{"start":{"line":29,"column":8},"end":{"line":34,"column":9}},"type":"if","locations":[{"start":{"line":29,"column":8},"end":{"line":34,"column":9}},{"start":{},"end":{}}]}},"s":{"0":1,"1":1,"2":1,"3":16,"4":16,"5":5,"6":5,"7":5,"8":11,"9":11,"10":0,"11":0,"12":0,"13":11,"14":11,"15":10,"16":10,"17":10,"18":1,"19":1},"f":{"0":16},"b":{"0":[5,11],"1":[0,11],"2":[10,0]}}
,"C:\\Users\\acer\\Desktop\\Dev\\Udemy\\05.FullStack\\01.cashtraker\\backend\\src\\middleware\\budget.ts": {"path":"C:\\Users\\acer\\Desktop\\Dev\\Udemy\\05.FullStack\\01.cashtraker\\backend\\src\\middleware\\budget.ts","statementMap":{"0":{"start":{"line":59,"column":0},"end":{"line":59,"column":16}},"1":{"start":{"line":2,"column":0},"end":{"line":2,"column":65}},"2":{"start":{"line":3,"column":0},"end":{"line":3,"column":38}},"3":{"start":{"line":13,"column":33},"end":{"line":24,"column":1}},"4":{"start":{"line":14,"column":4},"end":{"line":17,"column":18}},"5":{"start":{"line":16,"column":25},"end":{"line":16,"column":34}},"6":{"start":{"line":19,"column":17},"end":{"line":19,"column":38}},"7":{"start":{"line":20,"column":4},"end":{"line":22,"column":5}},"8":{"start":{"line":21,"column":8},"end":{"line":21,"column":null}},"9":{"start":{"line":23,"column":4},"end":{"line":23,"column":11}},"10":{"start":{"line":13,"column":13},"end":{"line":13,"column":33}},"11":{"start":{"line":26,"column":36},"end":{"line":44,"column":1}},"12":{"start":{"line":27,"column":4},"end":{"line":43,"column":5}},"13":{"start":{"line":28,"column":29},"end":{"line":28,"column":39}},"14":{"start":{"line":29,"column":23},"end":{"line":29,"column":54}},"15":{"start":{"line":31,"column":8},"end":{"line":35,"column":9}},"16":{"start":{"line":32,"column":32},"end":{"line":32,"column":70}},"17":{"start":{"line":33,"column":12},"end":{"line":33,"column":53}},"18":{"start":{"line":34,"column":12},"end":{"line":34,"column":19}},"19":{"start":{"line":37,"column":8},"end":{"line":37,"column":28}},"20":{"start":{"line":39,"column":8},"end":{"line":39,"column":15}},"21":{"start":{"line":42,"column":8},"end":{"line":42,"column":57}},"22":{"start":{"line":26,"column":13},"end":{"line":26,"column":36}},"23":{"start":{"line":46,"column":35},"end":{"line":57,"column":1}},"24":{"start":{"line":47,"column":4},"end":{"line":48,"column":88}},"25":{"start":{"line":50,"column":4},"end":{"line":54,"column":18}},"26":{"start":{"line":53,"column":25},"end":{"line":53,"column":34}},"27":{"start":{"line":56,"column":4},"end":{"line":56,"column":11}},"28":{"start":{"line":46,"column":13},"end":{"line":46,"column":35}},"29":{"start":{"line":60,"column":4},"end":{"line":64,"column":5}},"30":{"start":{"line":61,"column":28},"end":{"line":61,"column":57}},"31":{"start":{"line":62,"column":8},"end":{"line":62,"column":49}},"32":{"start":{"line":63,"column":8},"end":{"line":63,"column":15}},"33":{"start":{"line":65,"column":4},"end":{"line":65,"column":null}}},"fnMap":{"0":{"name":"(anonymous_1)","decl":{"start":{"line":13,"column":33},"end":{"line":13,"column":38}},"loc":{"start":{"line":13,"column":91},"end":{"line":24,"column":1}}},"1":{"name":"(anonymous_2)","decl":{"start":{"line":16,"column":16},"end":{"line":16,"column":21}},"loc":{"start":{"line":16,"column":25},"end":{"line":16,"column":34}}},"2":{"name":"(anonymous_3)","decl":{"start":{"line":26,"column":36},"end":{"line":26,"column":41}},"loc":{"start":{"line":26,"column":94},"end":{"line":44,"column":1}}},"3":{"name":"(anonymous_4)","decl":{"start":{"line":46,"column":35},"end":{"line":46,"column":40}},"loc":{"start":{"line":46,"column":93},"end":{"line":57,"column":1}}},"4":{"name":"(anonymous_5)","decl":{"start":{"line":53,"column":16},"end":{"line":53,"column":21}},"loc":{"start":{"line":53,"column":25},"end":{"line":53,"column":34}}},"5":{"name":"hasAccess","decl":{"start":{"line":59,"column":16},"end":{"line":59,"column":25}},"loc":{"start":{"line":59,"column":74},"end":{"line":66,"column":1}}}},"branchMap":{"0":{"loc":{"start":{"line":20,"column":4},"end":{"line":22,"column":5}},"type":"if","locations":[{"start":{"line":20,"column":4},"end":{"line":22,"column":5}},{"start":{},"end":{}}]},"1":{"loc":{"start":{"line":31,"column":8},"end":{"line":35,"column":9}},"type":"if","locations":[{"start":{"line":31,"column":8},"end":{"line":35,"column":9}},{"start":{},"end":{}}]},"2":{"loc":{"start":{"line":60,"column":4},"end":{"line":64,"column":5}},"type":"if","locations":[{"start":{"line":60,"column":4},"end":{"line":64,"column":5}},{"start":{},"end":{}}]}},"s":{"0":3,"1":3,"2":3,"3":3,"4":7,"5":6,"6":7,"7":7,"8":1,"9":6,"10":3,"11":3,"12":9,"13":9,"14":9,"15":8,"16":3,"17":3,"18":3,"19":5,"20":5,"21":1,"22":3,"23":3,"24":4,"25":4,"26":4,"27":4,"28":3,"29":7,"30":2,"31":2,"32":2,"33":5},"f":{"0":7,"1":6,"2":9,"3":4,"4":4,"5":7},"b":{"0":[1,6],"1":[3,5],"2":[2,5]}}
,"C:\\Users\\acer\\Desktop\\Dev\\Udemy\\05.FullStack\\01.cashtraker\\backend\\src\\middleware\\expense.ts": {"path":"C:\\Users\\acer\\Desktop\\Dev\\Udemy\\05.FullStack\\01.cashtraker\\backend\\src\\middleware\\expense.ts","statementMap":{"0":{"start":{"line":2,"column":0},"end":{"line":2,"column":66}},"1":{"start":{"line":3,"column":0},"end":{"line":3,"column":40}},"2":{"start":{"line":13,"column":36},"end":{"line":24,"column":1}},"3":{"start":{"line":14,"column":4},"end":{"line":15,"column":82}},"4":{"start":{"line":17,"column":4},"end":{"line":21,"column":18}},"5":{"start":{"line":20,"column":25},"end":{"line":20,"column":34}},"6":{"start":{"line":23,"column":4},"end":{"line":23,"column":11}},"7":{"start":{"line":13,"column":13},"end":{"line":13,"column":36}},"8":{"start":{"line":26,"column":33},"end":{"line":39,"column":1}},"9":{"start":{"line":27,"column":4},"end":{"line":31,"column":18}},"10":{"start":{"line":29,"column":25},"end":{"line":29,"column":34}},"11":{"start":{"line":33,"column":17},"end":{"line":33,"column":38}},"12":{"start":{"line":34,"column":4},"end":{"line":36,"column":5}},"13":{"start":{"line":35,"column":8},"end":{"line":35,"column":null}},"14":{"start":{"line":38,"column":4},"end":{"line":38,"column":11}},"15":{"start":{"line":26,"column":13},"end":{"line":26,"column":33}},"16":{"start":{"line":41,"column":37},"end":{"line":59,"column":1}},"17":{"start":{"line":42,"column":4},"end":{"line":58,"column":5}},"18":{"start":{"line":43,"column":30},"end":{"line":43,"column":40}},"19":{"start":{"line":44,"column":24},"end":{"line":44,"column":57}},"20":{"start":{"line":46,"column":8},"end":{"line":50,"column":9}},"21":{"start":{"line":47,"column":32},"end":{"line":47,"column":64}},"22":{"start":{"line":48,"column":12},"end":{"line":48,"column":53}},"23":{"start":{"line":49,"column":12},"end":{"line":49,"column":19}},"24":{"start":{"line":52,"column":8},"end":{"line":52,"column":30}},"25":{"start":{"line":54,"column":8},"end":{"line":54,"column":15}},"26":{"start":{"line":57,"column":8},"end":{"line":57,"column":57}},"27":{"start":{"line":41,"column":13},"end":{"line":41,"column":37}}},"fnMap":{"0":{"name":"(anonymous_1)","decl":{"start":{"line":13,"column":36},"end":{"line":13,"column":41}},"loc":{"start":{"line":13,"column":94},"end":{"line":24,"column":1}}},"1":{"name":"(anonymous_2)","decl":{"start":{"line":20,"column":16},"end":{"line":20,"column":21}},"loc":{"start":{"line":20,"column":25},"end":{"line":20,"column":34}}},"2":{"name":"(anonymous_3)","decl":{"start":{"line":26,"column":33},"end":{"line":26,"column":38}},"loc":{"start":{"line":26,"column":91},"end":{"line":39,"column":1}}},"3":{"name":"(anonymous_4)","decl":{"start":{"line":29,"column":16},"end":{"line":29,"column":21}},"loc":{"start":{"line":29,"column":25},"end":{"line":29,"column":34}}},"4":{"name":"(anonymous_5)","decl":{"start":{"line":41,"column":37},"end":{"line":41,"column":42}},"loc":{"start":{"line":41,"column":95},"end":{"line":59,"column":1}}}},"branchMap":{"0":{"loc":{"start":{"line":34,"column":4},"end":{"line":36,"column":5}},"type":"if","locations":[{"start":{"line":34,"column":4},"end":{"line":36,"column":5}},{"start":{},"end":{}}]},"1":{"loc":{"start":{"line":46,"column":8},"end":{"line":50,"column":9}},"type":"if","locations":[{"start":{"line":46,"column":8},"end":{"line":50,"column":9}},{"start":{},"end":{}}]}},"s":{"0":2,"1":2,"2":2,"3":0,"4":0,"5":0,"6":0,"7":2,"8":2,"9":0,"10":0,"11":0,"12":0,"13":0,"14":0,"15":2,"16":2,"17":3,"18":3,"19":3,"20":2,"21":1,"22":1,"23":1,"24":1,"25":1,"26":1,"27":2},"f":{"0":0,"1":0,"2":0,"3":0,"4":3},"b":{"0":[0,0],"1":[1,1]}}
,"C:\\Users\\acer\\Desktop\\Dev\\Udemy\\05.FullStack\\01.cashtraker\\backend\\src\\middleware\\validator.ts": {"path":"C:\\Users\\acer\\Desktop\\Dev\\Udemy\\05.FullStack\\01.cashtraker\\backend\\src\\middleware\\validator.ts","statementMap":{"0":{"start":{"line":2,"column":0},"end":{"line":2,"column":52}},"1":{"start":{"line":4,"column":33},"end":{"line":10,"column":1}},"2":{"start":{"line":5,"column":17},"end":{"line":5,"column":38}},"3":{"start":{"line":6,"column":4},"end":{"line":8,"column":5}},"4":{"start":{"line":7,"column":8},"end":{"line":7,"column":null}},"5":{"start":{"line":9,"column":4},"end":{"line":9,"column":11}},"6":{"start":{"line":4,"column":13},"end":{"line":4,"column":33}}},"fnMap":{"0":{"name":"(anonymous_0)","decl":{"start":{"line":4,"column":33},"end":{"line":4,"column":34}},"loc":{"start":{"line":4,"column":85},"end":{"line":10,"column":1}}}},"branchMap":{"0":{"loc":{"start":{"line":6,"column":4},"end":{"line":8,"column":5}},"type":"if","locations":[{"start":{"line":6,"column":4},"end":{"line":8,"column":5}},{"start":{},"end":{}}]}},"s":{"0":1,"1":1,"2":25,"3":25,"4":8,"5":17,"6":1},"f":{"0":25},"b":{"0":[8,17]}}
,"C:\\Users\\acer\\Desktop\\Dev\\Udemy\\05.FullStack\\01.cashtraker\\backend\\src\\models\\Budget.ts": {"path":"C:\\Users\\acer\\Desktop\\Dev\\Udemy\\05.FullStack\\01.cashtraker\\backend\\src\\models\\Budget.ts","statementMap":{"0":{"start":{"line":1,"column":0},"end":{"line":1,"column":113}},"1":{"start":{"line":2,"column":0},"end":{"line":2,"column":32}},"2":{"start":{"line":3,"column":0},"end":{"line":3,"column":26}},"3":{"start":{"line":9,"column":0},"end":{"line":33,"column":null}},"4":{"start":{"line":14,"column":12},"end":{"line":14,"column":null}},"5":{"start":{"line":20,"column":12},"end":{"line":20,"column":null}},"6":{"start":{"line":26,"column":12},"end":{"line":26,"column":null}},"7":{"start":{"line":22,"column":19},"end":{"line":22,"column":26}},"8":{"start":{"line":29,"column":12},"end":{"line":29,"column":null}},"9":{"start":{"line":28,"column":22},"end":{"line":28,"column":26}},"10":{"start":{"line":32,"column":12},"end":{"line":32,"column":null}},"11":{"start":{"line":31,"column":21},"end":{"line":31,"column":25}},"12":{"start":{"line":9,"column":6},"end":{"line":33,"column":null}},"13":{"start":{"line":35,"column":0},"end":{"line":35,"column":22}}},"fnMap":{"0":{"name":"(anonymous_3)","decl":{"start":{"line":22,"column":13},"end":{"line":22,"column":16}},"loc":{"start":{"line":22,"column":19},"end":{"line":22,"column":26}}},"1":{"name":"(anonymous_4)","decl":{"start":{"line":28,"column":16},"end":{"line":28,"column":19}},"loc":{"start":{"line":28,"column":22},"end":{"line":28,"column":26}}},"2":{"name":"(anonymous_5)","decl":{"start":{"line":31,"column":15},"end":{"line":31,"column":18}},"loc":{"start":{"line":31,"column":21},"end":{"line":31,"column":25}}}},"branchMap":{"0":{"loc":{"start":{"line":32,"column":18},"end":{"line":32,"column":23}},"type":"cond-expr","locations":[{"start":{"line":32,"column":22},"end":{"line":32,"column":23}},{"start":{"line":32,"column":22},"end":{"line":32,"column":23}}]},"1":{"loc":{"start":{"line":32,"column":18},"end":{"line":32,"column":22}},"type":"binary-expr","locations":[{"start":{"line":32,"column":18},"end":{"line":32,"column":23}},{"start":{"line":32,"column":18},"end":{"line":32,"column":22}}]}},"s":{"0":3,"1":3,"2":3,"3":3,"4":3,"5":3,"6":3,"7":3,"8":3,"9":2,"10":3,"11":3,"12":3,"13":3},"f":{"0":3,"1":2,"2":3},"b":{"0":[2,1],"1":[3,3]}}
,"C:\\Users\\acer\\Desktop\\Dev\\Udemy\\05.FullStack\\01.cashtraker\\backend\\src\\models\\Expense.ts": {"path":"C:\\Users\\acer\\Desktop\\Dev\\Udemy\\05.FullStack\\01.cashtraker\\backend\\src\\models\\Expense.ts","statementMap":{"0":{"start":{"line":1,"column":0},"end":{"line":1,"column":104}},"1":{"start":{"line":2,"column":0},"end":{"line":2,"column":30}},"2":{"start":{"line":7,"column":0},"end":{"line":25,"column":null}},"3":{"start":{"line":12,"column":12},"end":{"line":12,"column":null}},"4":{"start":{"line":18,"column":12},"end":{"line":18,"column":null}},"5":{"start":{"line":21,"column":12},"end":{"line":21,"column":null}},"6":{"start":{"line":20,"column":22},"end":{"line":20,"column":28}},"7":{"start":{"line":24,"column":12},"end":{"line":24,"column":null}},"8":{"start":{"line":23,"column":21},"end":{"line":23,"column":27}},"9":{"start":{"line":7,"column":6},"end":{"line":25,"column":null}},"10":{"start":{"line":27,"column":0},"end":{"line":27,"column":null}}},"fnMap":{"0":{"name":"(anonymous_3)","decl":{"start":{"line":20,"column":16},"end":{"line":20,"column":19}},"loc":{"start":{"line":20,"column":22},"end":{"line":20,"column":28}}},"1":{"name":"(anonymous_4)","decl":{"start":{"line":23,"column":15},"end":{"line":23,"column":18}},"loc":{"start":{"line":23,"column":21},"end":{"line":23,"column":27}}}},"branchMap":{"0":{"loc":{"start":{"line":24,"column":20},"end":{"line":24,"column":null}},"type":"cond-expr","locations":[{"start":{"line":24,"column":26},"end":{"line":24,"column":null}},{"start":{"line":24,"column":26},"end":{"line":24,"column":null}}]},"1":{"loc":{"start":{"line":24,"column":20},"end":{"line":24,"column":26}},"type":"binary-expr","locations":[{"start":{"line":24,"column":20},"end":{"line":24,"column":null}},{"start":{"line":24,"column":20},"end":{"line":24,"column":26}}]}},"s":{"0":3,"1":3,"2":3,"3":3,"4":3,"5":3,"6":2,"7":3,"8":2,"9":3,"10":3},"f":{"0":2,"1":2},"b":{"0":[0,3],"1":[3,1]}}
,"C:\\Users\\acer\\Desktop\\Dev\\Udemy\\05.FullStack\\01.cashtraker\\backend\\src\\models\\User.ts": {"path":"C:\\Users\\acer\\Desktop\\Dev\\Udemy\\05.FullStack\\01.cashtraker\\backend\\src\\models\\User.ts","statementMap":{"0":{"start":{"line":1,"column":0},"end":{"line":1,"column":107}},"1":{"start":{"line":2,"column":0},"end":{"line":2,"column":30}},"2":{"start":{"line":7,"column":0},"end":{"line":43,"column":null}},"3":{"start":{"line":12,"column":12},"end":{"line":12,"column":null}},"4":{"start":{"line":18,"column":12},"end":{"line":18,"column":null}},"5":{"start":{"line":25,"column":12},"end":{"line":25,"column":null}},"6":{"start":{"line":30,"column":12},"end":{"line":30,"column":null}},"7":{"start":{"line":36,"column":12},"end":{"line":36,"column":null}},"8":{"start":{"line":42,"column":12},"end":{"line":42,"column":null}},"9":{"start":{"line":38,"column":19},"end":{"line":38,"column":25}},"10":{"start":{"line":7,"column":6},"end":{"line":43,"column":null}},"11":{"start":{"line":45,"column":0},"end":{"line":45,"column":20}}},"fnMap":{"0":{"name":"(anonymous_3)","decl":{"start":{"line":38,"column":13},"end":{"line":38,"column":16}},"loc":{"start":{"line":38,"column":19},"end":{"line":38,"column":25}}}},"branchMap":{},"s":{"0":3,"1":3,"2":3,"3":3,"4":3,"5":3,"6":3,"7":3,"8":3,"9":2,"10":3,"11":3},"f":{"0":2},"b":{}}
,"C:\\Users\\acer\\Desktop\\Dev\\Udemy\\05.FullStack\\01.cashtraker\\backend\\src\\routes\\authRouter.ts": {"path":"C:\\Users\\acer\\Desktop\\Dev\\Udemy\\05.FullStack\\01.cashtraker\\backend\\src\\routes\\authRouter.ts","statementMap":{"0":{"start":{"line":1,"column":0},"end":{"line":1,"column":33}},"1":{"start":{"line":2,"column":0},"end":{"line":2,"column":63}},"2":{"start":{"line":3,"column":0},"end":{"line":3,"column":48}},"3":{"start":{"line":4,"column":0},"end":{"line":4,"column":60}},"4":{"start":{"line":5,"column":0},"end":{"line":5,"column":44}},"5":{"start":{"line":6,"column":0},"end":{"line":6,"column":42}},"6":{"start":{"line":8,"column":15},"end":{"line":8,"column":23}},"7":{"start":{"line":10,"column":0},"end":{"line":19,"column":2}},"8":{"start":{"line":21,"column":0},"end":{"line":28,"column":2}},"9":{"start":{"line":30,"column":0},"end":{"line":38,"column":2}},"10":{"start":{"line":40,"column":0},"end":{"line":45,"column":2}},"11":{"start":{"line":47,"column":0},"end":{"line":55,"column":2}},"12":{"start":{"line":57,"column":0},"end":{"line":66,"column":2}},"13":{"start":{"line":68,"column":0},"end":{"line":71,"column":2}},"14":{"start":{"line":73,"column":0},"end":{"line":81,"column":2}},"15":{"start":{"line":83,"column":0},"end":{"line":89,"column":2}},"16":{"start":{"line":91,"column":0},"end":{"line":91,"column":null}}},"fnMap":{},"branchMap":{},"s":{"0":1,"1":1,"2":1,"3":1,"4":1,"5":1,"6":1,"7":1,"8":1,"9":1,"10":1,"11":1,"12":1,"13":1,"14":1,"15":1,"16":1},"f":{},"b":{}}
,"C:\\Users\\acer\\Desktop\\Dev\\Udemy\\05.FullStack\\01.cashtraker\\backend\\src\\routes\\budgetRouter.ts": {"path":"C:\\Users\\acer\\Desktop\\Dev\\Udemy\\05.FullStack\\01.cashtraker\\backend\\src\\routes\\budgetRouter.ts","statementMap":{"0":{"start":{"line":1,"column":0},"end":{"line":1,"column":33}},"1":{"start":{"line":2,"column":0},"end":{"line":2,"column":67}},"2":{"start":{"line":3,"column":0},"end":{"line":3,"column":60}},"3":{"start":{"line":4,"column":0},"end":{"line":4,"column":111}},"4":{"start":{"line":5,"column":0},"end":{"line":5,"column":70}},"5":{"start":{"line":6,"column":0},"end":{"line":6,"column":103}},"6":{"start":{"line":7,"column":0},"end":{"line":7,"column":42}},"7":{"start":{"line":9,"column":15},"end":{"line":9,"column":23}},"8":{"start":{"line":11,"column":0},"end":{"line":11,"column":17}},"9":{"start":{"line":13,"column":0},"end":{"line":13,"column":41}},"10":{"start":{"line":14,"column":0},"end":{"line":14,"column":82}},"11":{"start":{"line":16,"column":0},"end":{"line":16,"column":44}},"12":{"start":{"line":17,"column":0},"end":{"line":17,"column":47}},"13":{"start":{"line":18,"column":0},"end":{"line":18,"column":36}},"14":{"start":{"line":20,"column":0},"end":{"line":20,"column":45}},"15":{"start":{"line":21,"column":0},"end":{"line":21,"column":49}},"16":{"start":{"line":23,"column":0},"end":{"line":23,"column":51}},"17":{"start":{"line":24,"column":0},"end":{"line":24,"column":94}},"18":{"start":{"line":25,"column":0},"end":{"line":25,"column":57}},"19":{"start":{"line":28,"column":0},"end":{"line":32,"column":2}},"20":{"start":{"line":33,"column":0},"end":{"line":33,"column":73}},"21":{"start":{"line":34,"column":0},"end":{"line":38,"column":2}},"22":{"start":{"line":39,"column":0},"end":{"line":39,"column":79}},"23":{"start":{"line":41,"column":0},"end":{"line":41,"column":22}}},"fnMap":{},"branchMap":{},"s":{"0":1,"1":1,"2":1,"3":1,"4":1,"5":1,"6":1,"7":1,"8":1,"9":1,"10":1,"11":1,"12":1,"13":1,"14":1,"15":1,"16":1,"17":1,"18":1,"19":1,"20":1,"21":1,"22":1,"23":1},"f":{},"b":{}}
,"C:\\Users\\acer\\Desktop\\Dev\\Udemy\\05.FullStack\\01.cashtraker\\backend\\src\\tests\\mocks\\budgets.ts": {"path":"C:\\Users\\acer\\Desktop\\Dev\\Udemy\\05.FullStack\\01.cashtraker\\backend\\src\\tests\\mocks\\budgets.ts","statementMap":{"0":{"start":{"line":1,"column":13},"end":{"line":71,"column":2}}},"fnMap":{},"branchMap":{},"s":{"0":3},"f":{},"b":{}}
,"C:\\Users\\acer\\Desktop\\Dev\\Udemy\\05.FullStack\\01.cashtraker\\backend\\src\\tests\\mocks\\expense.ts": {"path":"C:\\Users\\acer\\Desktop\\Dev\\Udemy\\05.FullStack\\01.cashtraker\\backend\\src\\tests\\mocks\\expense.ts","statementMap":{"0":{"start":{"line":1,"column":13},"end":{"line":26,"column":null}}},"fnMap":{},"branchMap":{},"s":{"0":2},"f":{},"b":{}}
,"C:\\Users\\acer\\Desktop\\Dev\\Udemy\\05.FullStack\\01.cashtraker\\backend\\src\\utils\\auth.ts": {"path":"C:\\Users\\acer\\Desktop\\Dev\\Udemy\\05.FullStack\\01.cashtraker\\backend\\src\\utils\\auth.ts","statementMap":{"0":{"start":{"line":1,"column":0},"end":{"line":1,"column":28}},"1":{"start":{"line":3,"column":24},"end":{"line":6,"column":1}},"2":{"start":{"line":4,"column":17},"end":{"line":4,"column":41}},"3":{"start":{"line":5,"column":4},"end":{"line":5,"column":null}},"4":{"start":{"line":3,"column":13},"end":{"line":3,"column":24}},"5":{"start":{"line":8,"column":25},"end":{"line":10,"column":1}},"6":{"start":{"line":9,"column":4},"end":{"line":9,"column":44}},"7":{"start":{"line":8,"column":13},"end":{"line":8,"column":25}}},"fnMap":{"0":{"name":"(anonymous_1)","decl":{"start":{"line":3,"column":24},"end":{"line":3,"column":29}},"loc":{"start":{"line":3,"column":47},"end":{"line":6,"column":1}}},"1":{"name":"(anonymous_2)","decl":{"start":{"line":8,"column":25},"end":{"line":8,"column":30}},"loc":{"start":{"line":8,"column":62},"end":{"line":10,"column":1}}}},"branchMap":{},"s":{"0":2,"1":2,"2":1,"3":1,"4":2,"5":2,"6":5,"7":2},"f":{"0":1,"1":5},"b":{}}
,"C:\\Users\\acer\\Desktop\\Dev\\Udemy\\05.FullStack\\01.cashtraker\\backend\\src\\utils\\jwt.ts": {"path":"C:\\Users\\acer\\Desktop\\Dev\\Udemy\\05.FullStack\\01.cashtraker\\backend\\src\\utils\\jwt.ts","statementMap":{"0":{"start":{"line":1,"column":0},"end":{"line":1,"column":31}},"1":{"start":{"line":3,"column":27},"end":{"line":8,"column":1}},"2":{"start":{"line":4,"column":18},"end":{"line":6,"column":6}},"3":{"start":{"line":7,"column":4},"end":{"line":7,"column":17}},"4":{"start":{"line":3,"column":13},"end":{"line":3,"column":27}}},"fnMap":{"0":{"name":"(anonymous_1)","decl":{"start":{"line":3,"column":27},"end":{"line":3,"column":28}},"loc":{"start":{"line":3,"column":42},"end":{"line":8,"column":1}}}},"branchMap":{},"s":{"0":2,"1":2,"2":5,"3":5,"4":2},"f":{"0":5},"b":{}}
,"C:\\Users\\acer\\Desktop\\Dev\\Udemy\\05.FullStack\\01.cashtraker\\backend\\src\\utils\\token.ts": {"path":"C:\\Users\\acer\\Desktop\\Dev\\Udemy\\05.FullStack\\01.cashtraker\\backend\\src\\utils\\token.ts","statementMap":{"0":{"start":{"line":1,"column":29},"end":{"line":1,"column":89}},"1":{"start":{"line":1,"column":35},"end":{"line":1,"column":89}},"2":{"start":{"line":1,"column":13},"end":{"line":1,"column":29}}},"fnMap":{"0":{"name":"(anonymous_0)","decl":{"start":{"line":1,"column":29},"end":{"line":1,"column":32}},"loc":{"start":{"line":1,"column":35},"end":{"line":1,"column":89}}}},"branchMap":{},"s":{"0":2,"1":1,"2":2},"f":{"0":1},"b":{}}
}
