{"C:\\Users\\acer\\Desktop\\Dev\\Udemy\\05.FullStack\\01.cashtraker\\backend\\src\\config\\nodemailer.ts": {"path":"C:\\Users\\acer\\Desktop\\Dev\\Udemy\\05.FullStack\\01.cashtraker\\backend\\src\\config\\nodemailer.ts","statementMap":{"0":{"start":{"line":1,"column":0},"end":{"line":1,"column":36}},"1":{"start":{"line":2,"column":0},"end":{"line":2,"column":28}},"2":{"start":{"line":3,"column":0},"end":{"line":3,"column":16}},"3":{"start":{"line":5,"column":15},"end":{"line":14,"column":1}},"4":{"start":{"line":6,"column":4},"end":{"line":13,"column":null}},"5":{"start":{"line":16,"column":13},"end":{"line":16,"column":62}}},"fnMap":{"0":{"name":"(anonymous_1)","decl":{"start":{"line":5,"column":15},"end":{"line":5,"column":18}},"loc":{"start":{"line":5,"column":20},"end":{"line":14,"column":1}}}},"branchMap":{},"s":{"0":1,"1":1,"2":1,"3":1,"4":1,"5":1},"f":{"0":1},"b":{}}
,"C:\\Users\\acer\\Desktop\\Dev\\Udemy\\05.FullStack\\01.cashtraker\\backend\\src\\controllers\\AuthController.ts": {"path":"C:\\Users\\acer\\Desktop\\Dev\\Udemy\\05.FullStack\\01.cashtraker\\backend\\src\\controllers\\AuthController.ts","statementMap":{"0":{"start":{"line":2,"column":0},"end":{"line":2,"column":34}},"1":{"start":{"line":3,"column":0},"end":{"line":3,"column":52}},"2":{"start":{"line":4,"column":0},"end":{"line":4,"column":47}},"3":{"start":{"line":5,"column":0},"end":{"line":5,"column":43}},"4":{"start":{"line":6,"column":0},"end":{"line":6,"column":47}},"5":{"start":{"line":9,"column":26},"end":{"line":35,"column":5}},"6":{"start":{"line":10,"column":36},"end":{"line":10,"column":44}},"7":{"start":{"line":11,"column":26},"end":{"line":11,"column":66}},"8":{"start":{"line":12,"column":8},"end":{"line":16,"column":9}},"9":{"start":{"line":13,"column":32},"end":{"line":13,"column":89}},"10":{"start":{"line":14,"column":12},"end":{"line":14,"column":53}},"11":{"start":{"line":15,"column":12},"end":{"line":15,"column":19}},"12":{"start":{"line":18,"column":8},"end":{"line":34,"column":9}},"13":{"start":{"line":19,"column":25},"end":{"line":19,"column":52}},"14":{"start":{"line":20,"column":12},"end":{"line":20,"column":53}},"15":{"start":{"line":21,"column":12},"end":{"line":21,"column":41}},"16":{"start":{"line":22,"column":12},"end":{"line":22,"column":30}},"17":{"start":{"line":24,"column":12},"end":{"line":28,"column":null}},"18":{"start":{"line":30,"column":12},"end":{"line":30,"column":64}},"19":{"start":{"line":33,"column":12},"end":{"line":33,"column":61}},"20":{"start":{"line":37,"column":27},"end":{"line":51,"column":5}},"21":{"start":{"line":38,"column":26},"end":{"line":38,"column":34}},"22":{"start":{"line":39,"column":21},"end":{"line":39,"column":61}},"23":{"start":{"line":40,"column":8},"end":{"line":44,"column":9}},"24":{"start":{"line":41,"column":32},"end":{"line":41,"column":60}},"25":{"start":{"line":42,"column":12},"end":{"line":42,"column":53}},"26":{"start":{"line":43,"column":12},"end":{"line":43,"column":19}},"27":{"start":{"line":46,"column":8},"end":{"line":46,"column":28}},"28":{"start":{"line":47,"column":8},"end":{"line":47,"column":26}},"29":{"start":{"line":48,"column":8},"end":{"line":48,"column":26}},"30":{"start":{"line":50,"column":8},"end":{"line":50,"column":52}},"31":{"start":{"line":53,"column":19},"end":{"line":78,"column":5}},"32":{"start":{"line":54,"column":36},"end":{"line":54,"column":44}},"33":{"start":{"line":55,"column":21},"end":{"line":55,"column":61}},"34":{"start":{"line":56,"column":8},"end":{"line":60,"column":9}},"35":{"start":{"line":57,"column":32},"end":{"line":57,"column":66}},"36":{"start":{"line":58,"column":12},"end":{"line":58,"column":53}},"37":{"start":{"line":59,"column":12},"end":{"line":59,"column":19}},"38":{"start":{"line":61,"column":8},"end":{"line":65,"column":9}},"39":{"start":{"line":62,"column":32},"end":{"line":62,"column":75}},"40":{"start":{"line":63,"column":12},"end":{"line":63,"column":53}},"41":{"start":{"line":64,"column":12},"end":{"line":64,"column":19}},"42":{"start":{"line":67,"column":30},"end":{"line":67,"column":70}},"43":{"start":{"line":69,"column":8},"end":{"line":73,"column":9}},"44":{"start":{"line":70,"column":32},"end":{"line":70,"column":64}},"45":{"start":{"line":71,"column":12},"end":{"line":71,"column":53}},"46":{"start":{"line":72,"column":12},"end":{"line":72,"column":19}},"47":{"start":{"line":75,"column":22},"end":{"line":75,"column":42}},"48":{"start":{"line":77,"column":8},"end":{"line":77,"column":24}},"49":{"start":{"line":80,"column":24},"end":{"line":99,"column":5}},"50":{"start":{"line":81,"column":36},"end":{"line":81,"column":44}},"51":{"start":{"line":82,"column":21},"end":{"line":82,"column":61}},"52":{"start":{"line":83,"column":8},"end":{"line":87,"column":9}},"53":{"start":{"line":84,"column":32},"end":{"line":84,"column":65}},"54":{"start":{"line":85,"column":12},"end":{"line":85,"column":53}},"55":{"start":{"line":86,"column":12},"end":{"line":86,"column":19}},"56":{"start":{"line":89,"column":8},"end":{"line":89,"column":37}},"57":{"start":{"line":90,"column":8},"end":{"line":90,"column":26}},"58":{"start":{"line":92,"column":8},"end":{"line":96,"column":11}},"59":{"start":{"line":98,"column":8},"end":{"line":98,"column":56}},"60":{"start":{"line":101,"column":27},"end":{"line":111,"column":5}},"61":{"start":{"line":102,"column":26},"end":{"line":102,"column":34}},"62":{"start":{"line":103,"column":28},"end":{"line":103,"column":68}},"63":{"start":{"line":104,"column":8},"end":{"line":108,"column":9}},"64":{"start":{"line":105,"column":32},"end":{"line":105,"column":60}},"65":{"start":{"line":106,"column":12},"end":{"line":106,"column":53}},"66":{"start":{"line":107,"column":12},"end":{"line":107,"column":19}},"67":{"start":{"line":110,"column":8},"end":{"line":110,"column":null}},"68":{"start":{"line":113,"column":32},"end":{"line":129,"column":5}},"69":{"start":{"line":114,"column":26},"end":{"line":114,"column":36}},"70":{"start":{"line":115,"column":29},"end":{"line":115,"column":37}},"71":{"start":{"line":117,"column":21},"end":{"line":117,"column":61}},"72":{"start":{"line":118,"column":8},"end":{"line":122,"column":9}},"73":{"start":{"line":119,"column":32},"end":{"line":119,"column":60}},"74":{"start":{"line":120,"column":12},"end":{"line":120,"column":53}},"75":{"start":{"line":121,"column":12},"end":{"line":121,"column":19}},"76":{"start":{"line":124,"column":8},"end":{"line":124,"column":49}},"77":{"start":{"line":125,"column":8},"end":{"line":125,"column":26}},"78":{"start":{"line":126,"column":8},"end":{"line":126,"column":26}},"79":{"start":{"line":128,"column":8},"end":{"line":128,"column":58}},"80":{"start":{"line":131,"column":18},"end":{"line":133,"column":5}},"81":{"start":{"line":132,"column":8},"end":{"line":132,"column":27}},"82":{"start":{"line":135,"column":32},"end":{"line":151,"column":5}},"83":{"start":{"line":136,"column":47},"end":{"line":136,"column":55}},"84":{"start":{"line":137,"column":23},"end":{"line":137,"column":31}},"85":{"start":{"line":138,"column":21},"end":{"line":138,"column":44}},"86":{"start":{"line":140,"column":30},"end":{"line":140,"column":78}},"87":{"start":{"line":141,"column":8},"end":{"line":145,"column":9}},"88":{"start":{"line":142,"column":32},"end":{"line":142,"column":77}},"89":{"start":{"line":143,"column":12},"end":{"line":143,"column":53}},"90":{"start":{"line":144,"column":12},"end":{"line":144,"column":19}},"91":{"start":{"line":147,"column":8},"end":{"line":147,"column":49}},"92":{"start":{"line":148,"column":8},"end":{"line":148,"column":null}},"93":{"start":{"line":150,"column":8},"end":{"line":150,"column":58}},"94":{"start":{"line":153,"column":23},"end":{"line":166,"column":5}},"95":{"start":{"line":154,"column":29},"end":{"line":154,"column":37}},"96":{"start":{"line":155,"column":23},"end":{"line":155,"column":31}},"97":{"start":{"line":156,"column":21},"end":{"line":156,"column":44}},"98":{"start":{"line":158,"column":30},"end":{"line":158,"column":70}},"99":{"start":{"line":159,"column":8},"end":{"line":163,"column":9}},"100":{"start":{"line":160,"column":32},"end":{"line":160,"column":77}},"101":{"start":{"line":161,"column":12},"end":{"line":161,"column":53}},"102":{"start":{"line":162,"column":12},"end":{"line":162,"column":19}},"103":{"start":{"line":165,"column":8},"end":{"line":165,"column":38}},"104":{"start":{"line":8,"column":0},"end":{"line":8,"column":13}}},"fnMap":{"0":{"name":"(anonymous_1)","decl":{"start":{"line":9,"column":26},"end":{"line":9,"column":31}},"loc":{"start":{"line":9,"column":64},"end":{"line":35,"column":5}}},"1":{"name":"(anonymous_2)","decl":{"start":{"line":37,"column":27},"end":{"line":37,"column":32}},"loc":{"start":{"line":37,"column":65},"end":{"line":51,"column":5}}},"2":{"name":"(anonymous_3)","decl":{"start":{"line":53,"column":19},"end":{"line":53,"column":24}},"loc":{"start":{"line":53,"column":57},"end":{"line":78,"column":5}}},"3":{"name":"(anonymous_4)","decl":{"start":{"line":80,"column":24},"end":{"line":80,"column":29}},"loc":{"start":{"line":80,"column":62},"end":{"line":99,"column":5}}},"4":{"name":"(anonymous_5)","decl":{"start":{"line":101,"column":27},"end":{"line":101,"column":32}},"loc":{"start":{"line":101,"column":65},"end":{"line":111,"column":5}}},"5":{"name":"(anonymous_6)","decl":{"start":{"line":113,"column":32},"end":{"line":113,"column":37}},"loc":{"start":{"line":113,"column":70},"end":{"line":129,"column":5}}},"6":{"name":"(anonymous_7)","decl":{"start":{"line":131,"column":18},"end":{"line":131,"column":23}},"loc":{"start":{"line":131,"column":56},"end":{"line":133,"column":5}}},"7":{"name":"(anonymous_8)","decl":{"start":{"line":135,"column":32},"end":{"line":135,"column":37}},"loc":{"start":{"line":135,"column":70},"end":{"line":151,"column":5}}},"8":{"name":"(anonymous_9)","decl":{"start":{"line":153,"column":23},"end":{"line":153,"column":28}},"loc":{"start":{"line":153,"column":61},"end":{"line":166,"column":5}}}},"branchMap":{"0":{"loc":{"start":{"line":12,"column":8},"end":{"line":16,"column":9}},"type":"if","locations":[{"start":{"line":12,"column":8},"end":{"line":16,"column":9}},{"start":{},"end":{}}]},"1":{"loc":{"start":{"line":40,"column":8},"end":{"line":44,"column":9}},"type":"if","locations":[{"start":{"line":40,"column":8},"end":{"line":44,"column":9}},{"start":{},"end":{}}]},"2":{"loc":{"start":{"line":56,"column":8},"end":{"line":60,"column":9}},"type":"if","locations":[{"start":{"line":56,"column":8},"end":{"line":60,"column":9}},{"start":{},"end":{}}]},"3":{"loc":{"start":{"line":61,"column":8},"end":{"line":65,"column":9}},"type":"if","locations":[{"start":{"line":61,"column":8},"end":{"line":65,"column":9}},{"start":{},"end":{}}]},"4":{"loc":{"start":{"line":69,"column":8},"end":{"line":73,"column":9}},"type":"if","locations":[{"start":{"line":69,"column":8},"end":{"line":73,"column":9}},{"start":{},"end":{}}]},"5":{"loc":{"start":{"line":83,"column":8},"end":{"line":87,"column":9}},"type":"if","locations":[{"start":{"line":83,"column":8},"end":{"line":87,"column":9}},{"start":{},"end":{}}]},"6":{"loc":{"start":{"line":104,"column":8},"end":{"line":108,"column":9}},"type":"if","locations":[{"start":{"line":104,"column":8},"end":{"line":108,"column":9}},{"start":{},"end":{}}]},"7":{"loc":{"start":{"line":118,"column":8},"end":{"line":122,"column":9}},"type":"if","locations":[{"start":{"line":118,"column":8},"end":{"line":122,"column":9}},{"start":{},"end":{}}]},"8":{"loc":{"start":{"line":141,"column":8},"end":{"line":145,"column":9}},"type":"if","locations":[{"start":{"line":141,"column":8},"end":{"line":145,"column":9}},{"start":{},"end":{}}]},"9":{"loc":{"start":{"line":159,"column":8},"end":{"line":163,"column":9}},"type":"if","locations":[{"start":{"line":159,"column":8},"end":{"line":163,"column":9}},{"start":{},"end":{}}]}},"s":{"0":1,"1":1,"2":1,"3":1,"4":1,"5":1,"6":2,"7":2,"8":2,"9":1,"10":1,"11":1,"12":1,"13":1,"14":1,"15":1,"16":1,"17":1,"18":1,"19":0,"20":1,"21":0,"22":0,"23":0,"24":0,"25":0,"26":0,"27":0,"28":0,"29":0,"30":0,"31":1,"32":4,"33":4,"34":4,"35":1,"36":1,"37":1,"38":3,"39":1,"40":1,"41":1,"42":2,"43":2,"44":1,"45":1,"46":1,"47":1,"48":1,"49":1,"50":0,"51":0,"52":0,"53":0,"54":0,"55":0,"56":0,"57":0,"58":0,"59":0,"60":1,"61":0,"62":0,"63":0,"64":0,"65":0,"66":0,"67":0,"68":1,"69":0,"70":0,"71":0,"72":0,"73":0,"74":0,"75":0,"76":0,"77":0,"78":0,"79":0,"80":1,"81":0,"82":1,"83":0,"84":0,"85":0,"86":0,"87":0,"88":0,"89":0,"90":0,"91":0,"92":0,"93":0,"94":1,"95":0,"96":0,"97":0,"98":0,"99":0,"100":0,"101":0,"102":0,"103":0,"104":1},"f":{"0":2,"1":0,"2":4,"3":0,"4":0,"5":0,"6":0,"7":0,"8":0},"b":{"0":[1,1],"1":[0,0],"2":[1,3],"3":[1,2],"4":[1,1],"5":[0,0],"6":[0,0],"7":[0,0],"8":[0,0],"9":[0,0]}}
,"C:\\Users\\acer\\Desktop\\Dev\\Udemy\\05.FullStack\\01.cashtraker\\backend\\src\\controllers\\BudgetController.ts": {"path":"C:\\Users\\acer\\Desktop\\Dev\\Udemy\\05.FullStack\\01.cashtraker\\backend\\src\\controllers\\BudgetController.ts","statementMap":{"0":{"start":{"line":2,"column":0},"end":{"line":2,"column":38}},"1":{"start":{"line":3,"column":0},"end":{"line":3,"column":40}},"2":{"start":{"line":6,"column":20},"end":{"line":21,"column":5}},"3":{"start":{"line":7,"column":8},"end":{"line":20,"column":9}},"4":{"start":{"line":8,"column":28},"end":{"line":15,"column":14}},"5":{"start":{"line":16,"column":12},"end":{"line":16,"column":30}},"6":{"start":{"line":18,"column":12},"end":{"line":18,"column":31}},"7":{"start":{"line":19,"column":12},"end":{"line":19,"column":61}},"8":{"start":{"line":23,"column":20},"end":{"line":33,"column":5}},"9":{"start":{"line":24,"column":8},"end":{"line":32,"column":9}},"10":{"start":{"line":25,"column":27},"end":{"line":25,"column":56}},"11":{"start":{"line":26,"column":12},"end":{"line":26,"column":40}},"12":{"start":{"line":27,"column":12},"end":{"line":27,"column":null}},"13":{"start":{"line":28,"column":12},"end":{"line":28,"column":69}},"14":{"start":{"line":31,"column":12},"end":{"line":31,"column":61}},"15":{"start":{"line":35,"column":21},"end":{"line":40,"column":5}},"16":{"start":{"line":36,"column":23},"end":{"line":38,"column":10}},"17":{"start":{"line":39,"column":8},"end":{"line":39,"column":37}},"18":{"start":{"line":42,"column":24},"end":{"line":45,"column":5}},"19":{"start":{"line":43,"column":8},"end":{"line":43,"column":42}},"20":{"start":{"line":44,"column":8},"end":{"line":44,"column":58}},"21":{"start":{"line":47,"column":24},"end":{"line":50,"column":5}},"22":{"start":{"line":48,"column":8},"end":{"line":48,"column":null}},"23":{"start":{"line":49,"column":8},"end":{"line":49,"column":56}},"24":{"start":{"line":5,"column":0},"end":{"line":5,"column":13}}},"fnMap":{"0":{"name":"(anonymous_1)","decl":{"start":{"line":6,"column":20},"end":{"line":6,"column":25}},"loc":{"start":{"line":6,"column":58},"end":{"line":21,"column":5}}},"1":{"name":"(anonymous_2)","decl":{"start":{"line":23,"column":20},"end":{"line":23,"column":25}},"loc":{"start":{"line":23,"column":58},"end":{"line":33,"column":5}}},"2":{"name":"(anonymous_3)","decl":{"start":{"line":35,"column":21},"end":{"line":35,"column":26}},"loc":{"start":{"line":35,"column":59},"end":{"line":40,"column":5}}},"3":{"name":"(anonymous_4)","decl":{"start":{"line":42,"column":24},"end":{"line":42,"column":29}},"loc":{"start":{"line":42,"column":62},"end":{"line":45,"column":5}}},"4":{"name":"(anonymous_5)","decl":{"start":{"line":47,"column":24},"end":{"line":47,"column":29}},"loc":{"start":{"line":47,"column":62},"end":{"line":50,"column":5}}}},"branchMap":{},"s":{"0":1,"1":1,"2":1,"3":4,"4":4,"5":3,"6":1,"7":1,"8":1,"9":2,"10":2,"11":1,"12":1,"13":1,"14":1,"15":1,"16":3,"17":3,"18":1,"19":1,"20":1,"21":1,"22":1,"23":1,"24":1},"f":{"0":4,"1":2,"2":3,"3":1,"4":1},"b":{}}
,"C:\\Users\\acer\\Desktop\\Dev\\Udemy\\05.FullStack\\01.cashtraker\\backend\\src\\controllers\\ExpenseController.ts": {"path":"C:\\Users\\acer\\Desktop\\Dev\\Udemy\\05.FullStack\\01.cashtraker\\backend\\src\\controllers\\ExpenseController.ts","statementMap":{"0":{"start":{"line":2,"column":0},"end":{"line":2,"column":40}},"1":{"start":{"line":5,"column":20},"end":{"line":16,"column":5}},"2":{"start":{"line":6,"column":8},"end":{"line":15,"column":9}},"3":{"start":{"line":7,"column":28},"end":{"line":7,"column":58}},"4":{"start":{"line":8,"column":12},"end":{"line":8,"column":45}},"5":{"start":{"line":10,"column":12},"end":{"line":10,"column":33}},"6":{"start":{"line":11,"column":12},"end":{"line":11,"column":65}},"7":{"start":{"line":14,"column":12},"end":{"line":14,"column":61}},"8":{"start":{"line":18,"column":21},"end":{"line":20,"column":5}},"9":{"start":{"line":19,"column":8},"end":{"line":19,"column":30}},"10":{"start":{"line":22,"column":24},"end":{"line":25,"column":5}},"11":{"start":{"line":23,"column":8},"end":{"line":23,"column":43}},"12":{"start":{"line":24,"column":8},"end":{"line":24,"column":47}},"13":{"start":{"line":27,"column":24},"end":{"line":30,"column":5}},"14":{"start":{"line":28,"column":8},"end":{"line":28,"column":36}},"15":{"start":{"line":29,"column":8},"end":{"line":29,"column":null}},"16":{"start":{"line":4,"column":0},"end":{"line":4,"column":13}}},"fnMap":{"0":{"name":"(anonymous_1)","decl":{"start":{"line":5,"column":20},"end":{"line":5,"column":25}},"loc":{"start":{"line":5,"column":58},"end":{"line":16,"column":5}}},"1":{"name":"(anonymous_2)","decl":{"start":{"line":18,"column":21},"end":{"line":18,"column":26}},"loc":{"start":{"line":18,"column":59},"end":{"line":20,"column":5}}},"2":{"name":"(anonymous_3)","decl":{"start":{"line":22,"column":24},"end":{"line":22,"column":29}},"loc":{"start":{"line":22,"column":62},"end":{"line":25,"column":5}}},"3":{"name":"(anonymous_4)","decl":{"start":{"line":27,"column":24},"end":{"line":27,"column":29}},"loc":{"start":{"line":27,"column":62},"end":{"line":30,"column":5}}}},"branchMap":{},"s":{"0":1,"1":1,"2":2,"3":2,"4":1,"5":1,"6":1,"7":1,"8":1,"9":1,"10":1,"11":1,"12":1,"13":1,"14":1,"15":1,"16":1},"f":{"0":2,"1":1,"2":1,"3":1},"b":{}}
,"C:\\Users\\acer\\Desktop\\Dev\\Udemy\\05.FullStack\\01.cashtraker\\backend\\src\\email\\AuthEmail.ts": {"path":"C:\\Users\\acer\\Desktop\\Dev\\Udemy\\05.FullStack\\01.cashtraker\\backend\\src\\email\\AuthEmail.ts","statementMap":{"0":{"start":{"line":1,"column":0},"end":{"line":1,"column":49}},"1":{"start":{"line":10,"column":35},"end":{"line":23,"column":5}},"2":{"start":{"line":11,"column":22},"end":{"line":20,"column":10}},"3":{"start":{"line":22,"column":8},"end":{"line":22,"column":71}},"4":{"start":{"line":25,"column":32},"end":{"line":38,"column":5}},"5":{"start":{"line":26,"column":22},"end":{"line":35,"column":10}},"6":{"start":{"line":37,"column":8},"end":{"line":37,"column":71}},"7":{"start":{"line":9,"column":0},"end":{"line":9,"column":13}}},"fnMap":{"0":{"name":"(anonymous_0)","decl":{"start":{"line":10,"column":35},"end":{"line":10,"column":40}},"loc":{"start":{"line":10,"column":61},"end":{"line":23,"column":5}}},"1":{"name":"(anonymous_1)","decl":{"start":{"line":25,"column":32},"end":{"line":25,"column":37}},"loc":{"start":{"line":25,"column":58},"end":{"line":38,"column":5}}}},"branchMap":{},"s":{"0":1,"1":1,"2":0,"3":0,"4":1,"5":0,"6":0,"7":1},"f":{"0":0,"1":0},"b":{}}
,"C:\\Users\\acer\\Desktop\\Dev\\Udemy\\05.FullStack\\01.cashtraker\\backend\\src\\middleware\\budget.ts": {"path":"C:\\Users\\acer\\Desktop\\Dev\\Udemy\\05.FullStack\\01.cashtraker\\backend\\src\\middleware\\budget.ts","statementMap":{"0":{"start":{"line":59,"column":0},"end":{"line":59,"column":16}},"1":{"start":{"line":2,"column":0},"end":{"line":2,"column":65}},"2":{"start":{"line":3,"column":0},"end":{"line":3,"column":38}},"3":{"start":{"line":13,"column":33},"end":{"line":24,"column":1}},"4":{"start":{"line":14,"column":4},"end":{"line":17,"column":18}},"5":{"start":{"line":16,"column":25},"end":{"line":16,"column":34}},"6":{"start":{"line":19,"column":17},"end":{"line":19,"column":38}},"7":{"start":{"line":20,"column":4},"end":{"line":22,"column":5}},"8":{"start":{"line":21,"column":8},"end":{"line":21,"column":null}},"9":{"start":{"line":23,"column":4},"end":{"line":23,"column":11}},"10":{"start":{"line":13,"column":13},"end":{"line":13,"column":33}},"11":{"start":{"line":26,"column":36},"end":{"line":44,"column":1}},"12":{"start":{"line":27,"column":4},"end":{"line":43,"column":5}},"13":{"start":{"line":28,"column":29},"end":{"line":28,"column":39}},"14":{"start":{"line":29,"column":23},"end":{"line":29,"column":54}},"15":{"start":{"line":31,"column":8},"end":{"line":35,"column":9}},"16":{"start":{"line":32,"column":32},"end":{"line":32,"column":70}},"17":{"start":{"line":33,"column":12},"end":{"line":33,"column":53}},"18":{"start":{"line":34,"column":12},"end":{"line":34,"column":19}},"19":{"start":{"line":37,"column":8},"end":{"line":37,"column":28}},"20":{"start":{"line":39,"column":8},"end":{"line":39,"column":15}},"21":{"start":{"line":42,"column":8},"end":{"line":42,"column":57}},"22":{"start":{"line":26,"column":13},"end":{"line":26,"column":36}},"23":{"start":{"line":46,"column":35},"end":{"line":57,"column":1}},"24":{"start":{"line":47,"column":4},"end":{"line":48,"column":88}},"25":{"start":{"line":50,"column":4},"end":{"line":54,"column":18}},"26":{"start":{"line":53,"column":25},"end":{"line":53,"column":34}},"27":{"start":{"line":56,"column":4},"end":{"line":56,"column":11}},"28":{"start":{"line":46,"column":13},"end":{"line":46,"column":35}},"29":{"start":{"line":60,"column":4},"end":{"line":64,"column":5}},"30":{"start":{"line":61,"column":28},"end":{"line":61,"column":57}},"31":{"start":{"line":62,"column":8},"end":{"line":62,"column":49}},"32":{"start":{"line":63,"column":8},"end":{"line":63,"column":15}},"33":{"start":{"line":65,"column":4},"end":{"line":65,"column":null}}},"fnMap":{"0":{"name":"(anonymous_1)","decl":{"start":{"line":13,"column":33},"end":{"line":13,"column":38}},"loc":{"start":{"line":13,"column":91},"end":{"line":24,"column":1}}},"1":{"name":"(anonymous_2)","decl":{"start":{"line":16,"column":16},"end":{"line":16,"column":21}},"loc":{"start":{"line":16,"column":25},"end":{"line":16,"column":34}}},"2":{"name":"(anonymous_3)","decl":{"start":{"line":26,"column":36},"end":{"line":26,"column":41}},"loc":{"start":{"line":26,"column":94},"end":{"line":44,"column":1}}},"3":{"name":"(anonymous_4)","decl":{"start":{"line":46,"column":35},"end":{"line":46,"column":40}},"loc":{"start":{"line":46,"column":93},"end":{"line":57,"column":1}}},"4":{"name":"(anonymous_5)","decl":{"start":{"line":53,"column":16},"end":{"line":53,"column":21}},"loc":{"start":{"line":53,"column":25},"end":{"line":53,"column":34}}},"5":{"name":"hasAccess","decl":{"start":{"line":59,"column":16},"end":{"line":59,"column":25}},"loc":{"start":{"line":59,"column":74},"end":{"line":66,"column":1}}}},"branchMap":{"0":{"loc":{"start":{"line":20,"column":4},"end":{"line":22,"column":5}},"type":"if","locations":[{"start":{"line":20,"column":4},"end":{"line":22,"column":5}},{"start":{},"end":{}}]},"1":{"loc":{"start":{"line":31,"column":8},"end":{"line":35,"column":9}},"type":"if","locations":[{"start":{"line":31,"column":8},"end":{"line":35,"column":9}},{"start":{},"end":{}}]},"2":{"loc":{"start":{"line":60,"column":4},"end":{"line":64,"column":5}},"type":"if","locations":[{"start":{"line":60,"column":4},"end":{"line":64,"column":5}},{"start":{},"end":{}}]}},"s":{"0":2,"1":2,"2":2,"3":2,"4":0,"5":0,"6":0,"7":0,"8":0,"9":0,"10":2,"11":2,"12":3,"13":3,"14":3,"15":2,"16":1,"17":1,"18":1,"19":1,"20":1,"21":1,"22":2,"23":2,"24":0,"25":0,"26":0,"27":0,"28":2,"29":3,"30":2,"31":2,"32":2,"33":1},"f":{"0":0,"1":0,"2":3,"3":0,"4":0,"5":3},"b":{"0":[0,0],"1":[1,1],"2":[2,1]}}
,"C:\\Users\\acer\\Desktop\\Dev\\Udemy\\05.FullStack\\01.cashtraker\\backend\\src\\middleware\\expense.ts": {"path":"C:\\Users\\acer\\Desktop\\Dev\\Udemy\\05.FullStack\\01.cashtraker\\backend\\src\\middleware\\expense.ts","statementMap":{"0":{"start":{"line":2,"column":0},"end":{"line":2,"column":66}},"1":{"start":{"line":3,"column":0},"end":{"line":3,"column":40}},"2":{"start":{"line":13,"column":36},"end":{"line":24,"column":1}},"3":{"start":{"line":14,"column":4},"end":{"line":15,"column":82}},"4":{"start":{"line":17,"column":4},"end":{"line":21,"column":18}},"5":{"start":{"line":20,"column":25},"end":{"line":20,"column":34}},"6":{"start":{"line":23,"column":4},"end":{"line":23,"column":11}},"7":{"start":{"line":13,"column":13},"end":{"line":13,"column":36}},"8":{"start":{"line":26,"column":33},"end":{"line":39,"column":1}},"9":{"start":{"line":27,"column":4},"end":{"line":31,"column":18}},"10":{"start":{"line":29,"column":25},"end":{"line":29,"column":34}},"11":{"start":{"line":33,"column":17},"end":{"line":33,"column":38}},"12":{"start":{"line":34,"column":4},"end":{"line":36,"column":5}},"13":{"start":{"line":35,"column":8},"end":{"line":35,"column":null}},"14":{"start":{"line":38,"column":4},"end":{"line":38,"column":11}},"15":{"start":{"line":26,"column":13},"end":{"line":26,"column":33}},"16":{"start":{"line":41,"column":37},"end":{"line":59,"column":1}},"17":{"start":{"line":42,"column":4},"end":{"line":58,"column":5}},"18":{"start":{"line":43,"column":30},"end":{"line":43,"column":40}},"19":{"start":{"line":44,"column":24},"end":{"line":44,"column":57}},"20":{"start":{"line":46,"column":8},"end":{"line":50,"column":9}},"21":{"start":{"line":47,"column":32},"end":{"line":47,"column":64}},"22":{"start":{"line":48,"column":12},"end":{"line":48,"column":53}},"23":{"start":{"line":49,"column":12},"end":{"line":49,"column":19}},"24":{"start":{"line":52,"column":8},"end":{"line":52,"column":30}},"25":{"start":{"line":54,"column":8},"end":{"line":54,"column":15}},"26":{"start":{"line":57,"column":8},"end":{"line":57,"column":57}},"27":{"start":{"line":41,"column":13},"end":{"line":41,"column":37}}},"fnMap":{"0":{"name":"(anonymous_1)","decl":{"start":{"line":13,"column":36},"end":{"line":13,"column":41}},"loc":{"start":{"line":13,"column":94},"end":{"line":24,"column":1}}},"1":{"name":"(anonymous_2)","decl":{"start":{"line":20,"column":16},"end":{"line":20,"column":21}},"loc":{"start":{"line":20,"column":25},"end":{"line":20,"column":34}}},"2":{"name":"(anonymous_3)","decl":{"start":{"line":26,"column":33},"end":{"line":26,"column":38}},"loc":{"start":{"line":26,"column":91},"end":{"line":39,"column":1}}},"3":{"name":"(anonymous_4)","decl":{"start":{"line":29,"column":16},"end":{"line":29,"column":21}},"loc":{"start":{"line":29,"column":25},"end":{"line":29,"column":34}}},"4":{"name":"(anonymous_5)","decl":{"start":{"line":41,"column":37},"end":{"line":41,"column":42}},"loc":{"start":{"line":41,"column":95},"end":{"line":59,"column":1}}}},"branchMap":{"0":{"loc":{"start":{"line":34,"column":4},"end":{"line":36,"column":5}},"type":"if","locations":[{"start":{"line":34,"column":4},"end":{"line":36,"column":5}},{"start":{},"end":{}}]},"1":{"loc":{"start":{"line":46,"column":8},"end":{"line":50,"column":9}},"type":"if","locations":[{"start":{"line":46,"column":8},"end":{"line":50,"column":9}},{"start":{},"end":{}}]}},"s":{"0":1,"1":1,"2":1,"3":0,"4":0,"5":0,"6":0,"7":1,"8":1,"9":0,"10":0,"11":0,"12":0,"13":0,"14":0,"15":1,"16":1,"17":3,"18":3,"19":3,"20":2,"21":1,"22":1,"23":1,"24":1,"25":1,"26":1,"27":1},"f":{"0":0,"1":0,"2":0,"3":0,"4":3},"b":{"0":[0,0],"1":[1,1]}}
,"C:\\Users\\acer\\Desktop\\Dev\\Udemy\\05.FullStack\\01.cashtraker\\backend\\src\\models\\Budget.ts": {"path":"C:\\Users\\acer\\Desktop\\Dev\\Udemy\\05.FullStack\\01.cashtraker\\backend\\src\\models\\Budget.ts","statementMap":{"0":{"start":{"line":1,"column":0},"end":{"line":1,"column":113}},"1":{"start":{"line":2,"column":0},"end":{"line":2,"column":32}},"2":{"start":{"line":3,"column":0},"end":{"line":3,"column":26}},"3":{"start":{"line":9,"column":0},"end":{"line":33,"column":null}},"4":{"start":{"line":14,"column":12},"end":{"line":14,"column":null}},"5":{"start":{"line":20,"column":12},"end":{"line":20,"column":null}},"6":{"start":{"line":26,"column":12},"end":{"line":26,"column":null}},"7":{"start":{"line":22,"column":19},"end":{"line":22,"column":26}},"8":{"start":{"line":29,"column":12},"end":{"line":29,"column":null}},"9":{"start":{"line":28,"column":22},"end":{"line":28,"column":26}},"10":{"start":{"line":32,"column":12},"end":{"line":32,"column":null}},"11":{"start":{"line":31,"column":21},"end":{"line":31,"column":25}},"12":{"start":{"line":9,"column":6},"end":{"line":33,"column":null}},"13":{"start":{"line":35,"column":0},"end":{"line":35,"column":22}}},"fnMap":{"0":{"name":"(anonymous_3)","decl":{"start":{"line":22,"column":13},"end":{"line":22,"column":16}},"loc":{"start":{"line":22,"column":19},"end":{"line":22,"column":26}}},"1":{"name":"(anonymous_4)","decl":{"start":{"line":28,"column":16},"end":{"line":28,"column":19}},"loc":{"start":{"line":28,"column":22},"end":{"line":28,"column":26}}},"2":{"name":"(anonymous_5)","decl":{"start":{"line":31,"column":15},"end":{"line":31,"column":18}},"loc":{"start":{"line":31,"column":21},"end":{"line":31,"column":25}}}},"branchMap":{},"s":{"0":2,"1":2,"2":2,"3":2,"4":2,"5":2,"6":2,"7":0,"8":2,"9":0,"10":2,"11":0,"12":2,"13":2},"f":{"0":0,"1":0,"2":0},"b":{}}
,"C:\\Users\\acer\\Desktop\\Dev\\Udemy\\05.FullStack\\01.cashtraker\\backend\\src\\models\\Expense.ts": {"path":"C:\\Users\\acer\\Desktop\\Dev\\Udemy\\05.FullStack\\01.cashtraker\\backend\\src\\models\\Expense.ts","statementMap":{"0":{"start":{"line":1,"column":0},"end":{"line":1,"column":104}},"1":{"start":{"line":2,"column":0},"end":{"line":2,"column":30}},"2":{"start":{"line":7,"column":0},"end":{"line":25,"column":null}},"3":{"start":{"line":12,"column":12},"end":{"line":12,"column":null}},"4":{"start":{"line":18,"column":12},"end":{"line":18,"column":null}},"5":{"start":{"line":21,"column":12},"end":{"line":21,"column":null}},"6":{"start":{"line":20,"column":22},"end":{"line":20,"column":28}},"7":{"start":{"line":24,"column":12},"end":{"line":24,"column":null}},"8":{"start":{"line":23,"column":21},"end":{"line":23,"column":27}},"9":{"start":{"line":7,"column":6},"end":{"line":25,"column":null}},"10":{"start":{"line":27,"column":0},"end":{"line":27,"column":null}}},"fnMap":{"0":{"name":"(anonymous_3)","decl":{"start":{"line":20,"column":16},"end":{"line":20,"column":19}},"loc":{"start":{"line":20,"column":22},"end":{"line":20,"column":28}}},"1":{"name":"(anonymous_4)","decl":{"start":{"line":23,"column":15},"end":{"line":23,"column":18}},"loc":{"start":{"line":23,"column":21},"end":{"line":23,"column":27}}}},"branchMap":{},"s":{"0":2,"1":2,"2":2,"3":2,"4":2,"5":2,"6":0,"7":2,"8":0,"9":2,"10":2},"f":{"0":0,"1":0},"b":{}}
,"C:\\Users\\acer\\Desktop\\Dev\\Udemy\\05.FullStack\\01.cashtraker\\backend\\src\\models\\User.ts": {"path":"C:\\Users\\acer\\Desktop\\Dev\\Udemy\\05.FullStack\\01.cashtraker\\backend\\src\\models\\User.ts","statementMap":{"0":{"start":{"line":1,"column":0},"end":{"line":1,"column":107}},"1":{"start":{"line":2,"column":0},"end":{"line":2,"column":30}},"2":{"start":{"line":7,"column":0},"end":{"line":43,"column":null}},"3":{"start":{"line":12,"column":12},"end":{"line":12,"column":null}},"4":{"start":{"line":18,"column":12},"end":{"line":18,"column":null}},"5":{"start":{"line":25,"column":12},"end":{"line":25,"column":null}},"6":{"start":{"line":30,"column":12},"end":{"line":30,"column":null}},"7":{"start":{"line":36,"column":12},"end":{"line":36,"column":null}},"8":{"start":{"line":42,"column":12},"end":{"line":42,"column":null}},"9":{"start":{"line":38,"column":19},"end":{"line":38,"column":25}},"10":{"start":{"line":7,"column":6},"end":{"line":43,"column":null}},"11":{"start":{"line":45,"column":0},"end":{"line":45,"column":20}}},"fnMap":{"0":{"name":"(anonymous_3)","decl":{"start":{"line":38,"column":13},"end":{"line":38,"column":16}},"loc":{"start":{"line":38,"column":19},"end":{"line":38,"column":25}}}},"branchMap":{},"s":{"0":2,"1":2,"2":2,"3":2,"4":2,"5":2,"6":2,"7":2,"8":2,"9":0,"10":2,"11":2},"f":{"0":0},"b":{}}
,"C:\\Users\\acer\\Desktop\\Dev\\Udemy\\05.FullStack\\01.cashtraker\\backend\\src\\tests\\mocks\\budgets.ts": {"path":"C:\\Users\\acer\\Desktop\\Dev\\Udemy\\05.FullStack\\01.cashtraker\\backend\\src\\tests\\mocks\\budgets.ts","statementMap":{"0":{"start":{"line":1,"column":13},"end":{"line":71,"column":2}}},"fnMap":{},"branchMap":{},"s":{"0":3},"f":{},"b":{}}
,"C:\\Users\\acer\\Desktop\\Dev\\Udemy\\05.FullStack\\01.cashtraker\\backend\\src\\tests\\mocks\\expense.ts": {"path":"C:\\Users\\acer\\Desktop\\Dev\\Udemy\\05.FullStack\\01.cashtraker\\backend\\src\\tests\\mocks\\expense.ts","statementMap":{"0":{"start":{"line":1,"column":13},"end":{"line":26,"column":null}}},"fnMap":{},"branchMap":{},"s":{"0":2},"f":{},"b":{}}
,"C:\\Users\\acer\\Desktop\\Dev\\Udemy\\05.FullStack\\01.cashtraker\\backend\\src\\utils\\auth.ts": {"path":"C:\\Users\\acer\\Desktop\\Dev\\Udemy\\05.FullStack\\01.cashtraker\\backend\\src\\utils\\auth.ts","statementMap":{"0":{"start":{"line":1,"column":0},"end":{"line":1,"column":28}},"1":{"start":{"line":3,"column":24},"end":{"line":6,"column":1}},"2":{"start":{"line":4,"column":17},"end":{"line":4,"column":41}},"3":{"start":{"line":5,"column":4},"end":{"line":5,"column":null}},"4":{"start":{"line":3,"column":13},"end":{"line":3,"column":24}},"5":{"start":{"line":8,"column":25},"end":{"line":10,"column":1}},"6":{"start":{"line":9,"column":4},"end":{"line":9,"column":44}},"7":{"start":{"line":8,"column":13},"end":{"line":8,"column":25}}},"fnMap":{"0":{"name":"(anonymous_1)","decl":{"start":{"line":3,"column":24},"end":{"line":3,"column":29}},"loc":{"start":{"line":3,"column":47},"end":{"line":6,"column":1}}},"1":{"name":"(anonymous_2)","decl":{"start":{"line":8,"column":25},"end":{"line":8,"column":30}},"loc":{"start":{"line":8,"column":62},"end":{"line":10,"column":1}}}},"branchMap":{},"s":{"0":1,"1":1,"2":0,"3":0,"4":1,"5":1,"6":0,"7":1},"f":{"0":0,"1":0},"b":{}}
,"C:\\Users\\acer\\Desktop\\Dev\\Udemy\\05.FullStack\\01.cashtraker\\backend\\src\\utils\\jwt.ts": {"path":"C:\\Users\\acer\\Desktop\\Dev\\Udemy\\05.FullStack\\01.cashtraker\\backend\\src\\utils\\jwt.ts","statementMap":{"0":{"start":{"line":1,"column":0},"end":{"line":1,"column":31}},"1":{"start":{"line":3,"column":27},"end":{"line":8,"column":1}},"2":{"start":{"line":4,"column":18},"end":{"line":6,"column":6}},"3":{"start":{"line":7,"column":4},"end":{"line":7,"column":17}},"4":{"start":{"line":3,"column":13},"end":{"line":3,"column":27}}},"fnMap":{"0":{"name":"(anonymous_1)","decl":{"start":{"line":3,"column":27},"end":{"line":3,"column":28}},"loc":{"start":{"line":3,"column":42},"end":{"line":8,"column":1}}}},"branchMap":{},"s":{"0":1,"1":1,"2":0,"3":0,"4":1},"f":{"0":0},"b":{}}
,"C:\\Users\\acer\\Desktop\\Dev\\Udemy\\05.FullStack\\01.cashtraker\\backend\\src\\utils\\token.ts": {"path":"C:\\Users\\acer\\Desktop\\Dev\\Udemy\\05.FullStack\\01.cashtraker\\backend\\src\\utils\\token.ts","statementMap":{"0":{"start":{"line":1,"column":29},"end":{"line":1,"column":89}},"1":{"start":{"line":1,"column":35},"end":{"line":1,"column":89}},"2":{"start":{"line":1,"column":13},"end":{"line":1,"column":29}}},"fnMap":{"0":{"name":"(anonymous_0)","decl":{"start":{"line":1,"column":29},"end":{"line":1,"column":32}},"loc":{"start":{"line":1,"column":35},"end":{"line":1,"column":89}}}},"branchMap":{},"s":{"0":1,"1":0,"2":1},"f":{"0":0},"b":{}}
}
