TN:
SF:src\server.ts
FN:8,connectDB
FNF:1
FNH:1
FNDA:1,connectDB
DA:1,1
DA:3,1
DA:4,1
DA:5,1
DA:6,1
DA:8,1
DA:9,1
DA:10,1
DA:11,1
DA:19,1
DA:21,1
DA:23,1
DA:25,1
DA:27,1
DA:28,1
DA:30,1
LF:16
LH:16
BRF:0
BRH:0
end_of_record
TN:
SF:src\config\db.ts
FNF:0
FNH:0
DA:1,1
DA:2,1
DA:3,1
DA:5,1
DA:7,1
LF:5
LH:5
BRF:0
BRH:0
end_of_record
TN:
SF:src\config\limiter.ts
FNF:0
FNH:0
DA:1,1
DA:3,1
LF:2
LH:2
BRDA:5,0,0,0
BRDA:5,0,1,1
BRF:2
BRH:1
end_of_record
TN:
SF:src\config\nodemailer.ts
FN:5,(anonymous_1)
FNF:1
FNH:1
FNDA:2,(anonymous_1)
DA:1,2
DA:2,2
DA:3,2
DA:5,2
DA:6,2
DA:16,2
LF:6
LH:6
BRF:0
BRH:0
end_of_record
TN:
SF:src\controllers\AuthController.ts
FN:9,(anonymous_1)
FN:43,(anonymous_2)
FN:59,(anonymous_3)
FN:86,(anonymous_4)
FN:107,(anonymous_5)
FN:119,(anonymous_6)
FN:137,(anonymous_7)
FN:141,(anonymous_8)
FN:159,(anonymous_9)
FNF:9
FNH:3
FNDA:5,(anonymous_1)
FNDA:2,(anonymous_2)
FNDA:14,(anonymous_3)
FNDA:0,(anonymous_4)
FNDA:0,(anonymous_5)
FNDA:0,(anonymous_6)
FNDA:0,(anonymous_7)
FNDA:0,(anonymous_8)
FNDA:0,(anonymous_9)
DA:2,2
DA:3,2
DA:4,2
DA:5,2
DA:6,2
DA:8,2
DA:9,2
DA:10,5
DA:11,5
DA:12,5
DA:13,3
DA:14,3
DA:15,3
DA:18,2
DA:19,2
DA:20,2
DA:21,2
DA:22,2
DA:24,2
DA:25,2
DA:28,2
DA:30,2
DA:36,2
DA:39,0
DA:43,2
DA:44,2
DA:45,2
DA:46,2
DA:47,1
DA:48,1
DA:49,1
DA:52,1
DA:53,1
DA:54,1
DA:56,1
DA:59,2
DA:60,14
DA:61,14
DA:62,14
DA:63,2
DA:64,2
DA:65,2
DA:67,12
DA:68,3
DA:69,3
DA:70,3
DA:73,9
DA:75,9
DA:76,2
DA:77,2
DA:78,2
DA:81,7
DA:83,7
DA:86,2
DA:87,0
DA:88,0
DA:89,0
DA:90,0
DA:91,0
DA:92,0
DA:95,0
DA:96,0
DA:98,0
DA:104,0
DA:107,2
DA:108,0
DA:109,0
DA:110,0
DA:111,0
DA:112,0
DA:113,0
DA:116,0
DA:119,2
DA:120,0
DA:121,0
DA:123,0
DA:124,0
DA:125,0
DA:126,0
DA:127,0
DA:130,0
DA:131,0
DA:132,0
DA:134,0
DA:137,2
DA:138,0
DA:141,2
DA:142,0
DA:143,0
DA:144,0
DA:146,0
DA:147,0
DA:148,0
DA:149,0
DA:150,0
DA:153,0
DA:154,0
DA:156,0
DA:159,2
DA:160,0
DA:161,0
DA:162,0
DA:164,0
DA:165,0
DA:166,0
DA:167,0
DA:168,0
DA:171,0
LF:108
LH:58
BRDA:12,0,0,3
BRDA:12,0,1,2
BRDA:24,1,0,2
BRDA:24,1,1,0
BRDA:46,2,0,1
BRDA:46,2,1,1
BRDA:62,3,0,2
BRDA:62,3,1,12
BRDA:67,4,0,3
BRDA:67,4,1,9
BRDA:75,5,0,2
BRDA:75,5,1,7
BRDA:89,6,0,0
BRDA:89,6,1,0
BRDA:110,7,0,0
BRDA:110,7,1,0
BRDA:124,8,0,0
BRDA:124,8,1,0
BRDA:147,9,0,0
BRDA:147,9,1,0
BRDA:165,10,0,0
BRDA:165,10,1,0
BRF:22
BRH:11
end_of_record
TN:
SF:src\controllers\BudgetController.ts
FN:6,(anonymous_1)
FN:23,(anonymous_2)
FN:35,(anonymous_3)
FN:42,(anonymous_4)
FN:47,(anonymous_5)
FNF:5
FNH:5
FNDA:5,(anonymous_1)
FNDA:3,(anonymous_2)
FNDA:4,(anonymous_3)
FNDA:2,(anonymous_4)
FNDA:2,(anonymous_5)
DA:2,2
DA:3,2
DA:5,2
DA:6,2
DA:7,5
DA:8,5
DA:16,4
DA:19,1
DA:23,2
DA:24,3
DA:25,3
DA:26,2
DA:27,2
DA:28,2
DA:31,1
DA:35,2
DA:36,4
DA:39,4
DA:42,2
DA:43,2
DA:44,2
DA:47,2
DA:48,2
DA:49,2
LF:24
LH:24
BRF:0
BRH:0
end_of_record
TN:
SF:src\controllers\ExpenseController.ts
FN:5,(anonymous_1)
FN:18,(anonymous_2)
FN:22,(anonymous_3)
FN:27,(anonymous_4)
FNF:4
FNH:4
FNDA:2,(anonymous_1)
FNDA:1,(anonymous_2)
FNDA:1,(anonymous_3)
FNDA:1,(anonymous_4)
DA:2,2
DA:4,2
DA:5,2
DA:6,2
DA:7,2
DA:8,1
DA:10,1
DA:11,1
DA:14,1
DA:18,2
DA:19,1
DA:22,2
DA:23,1
DA:24,1
DA:27,2
DA:28,1
DA:29,1
LF:17
LH:17
BRF:0
BRH:0
end_of_record
TN:
SF:src\email\AuthEmail.ts
FN:10,(anonymous_0)
FN:25,(anonymous_1)
FNF:2
FNH:1
FNDA:1,(anonymous_0)
FNDA:0,(anonymous_1)
DA:1,2
DA:9,2
DA:10,2
DA:11,1
DA:25,2
DA:26,0
DA:37,0
LF:7
LH:5
BRF:0
BRH:0
end_of_record
TN:
SF:src\middleware\auth.ts
FN:13,(anonymous_1)
FNF:1
FNH:1
FNDA:16,(anonymous_1)
DA:2,1
DA:3,1
DA:13,1
DA:14,16
DA:15,16
DA:16,5
DA:17,5
DA:18,5
DA:20,11
DA:21,11
DA:22,0
DA:23,0
DA:24,0
DA:27,11
DA:28,11
DA:29,10
DA:30,10
DA:33,10
DA:36,1
LF:19
LH:16
BRDA:15,0,0,5
BRDA:15,0,1,11
BRDA:21,1,0,0
BRDA:21,1,1,11
BRDA:29,2,0,10
BRDA:29,2,1,0
BRF:6
BRH:4
end_of_record
TN:
SF:src\middleware\budget.ts
FN:13,(anonymous_1)
FN:16,(anonymous_2)
FN:26,(anonymous_3)
FN:46,(anonymous_4)
FN:53,(anonymous_5)
FN:59,hasAccess
FNF:6
FNH:6
FNDA:7,(anonymous_1)
FNDA:6,(anonymous_2)
FNDA:9,(anonymous_3)
FNDA:4,(anonymous_4)
FNDA:4,(anonymous_5)
FNDA:7,hasAccess
DA:2,3
DA:3,3
DA:13,3
DA:14,7
DA:16,6
DA:19,7
DA:20,7
DA:21,1
DA:23,6
DA:26,3
DA:27,9
DA:28,9
DA:29,9
DA:31,8
DA:32,3
DA:33,3
DA:34,3
DA:37,5
DA:39,5
DA:42,1
DA:46,3
DA:47,4
DA:50,4
DA:53,4
DA:56,4
DA:59,3
DA:60,7
DA:61,2
DA:62,2
DA:63,2
DA:65,5
LF:31
LH:31
BRDA:20,0,0,1
BRDA:20,0,1,6
BRDA:31,1,0,3
BRDA:31,1,1,5
BRDA:60,2,0,2
BRDA:60,2,1,5
BRF:6
BRH:6
end_of_record
TN:
SF:src\middleware\expense.ts
FN:13,(anonymous_1)
FN:20,(anonymous_2)
FN:26,(anonymous_3)
FN:29,(anonymous_4)
FN:41,(anonymous_5)
FNF:5
FNH:1
FNDA:0,(anonymous_1)
FNDA:0,(anonymous_2)
FNDA:0,(anonymous_3)
FNDA:0,(anonymous_4)
FNDA:3,(anonymous_5)
DA:2,2
DA:3,2
DA:13,2
DA:14,0
DA:17,0
DA:20,0
DA:23,0
DA:26,2
DA:27,0
DA:29,0
DA:33,0
DA:34,0
DA:35,0
DA:38,0
DA:41,2
DA:42,3
DA:43,3
DA:44,3
DA:46,2
DA:47,1
DA:48,1
DA:49,1
DA:52,1
DA:54,1
DA:57,1
LF:25
LH:15
BRDA:34,0,0,0
BRDA:34,0,1,0
BRDA:46,1,0,1
BRDA:46,1,1,1
BRF:4
BRH:2
end_of_record
TN:
SF:src\middleware\validator.ts
FN:4,(anonymous_0)
FNF:1
FNH:1
FNDA:25,(anonymous_0)
DA:2,1
DA:4,1
DA:5,25
DA:6,25
DA:7,8
DA:9,17
LF:6
LH:6
BRDA:6,0,0,8
BRDA:6,0,1,17
BRF:2
BRH:2
end_of_record
TN:
SF:src\models\Budget.ts
FN:22,(anonymous_3)
FN:28,(anonymous_4)
FN:31,(anonymous_5)
FNF:3
FNH:3
FNDA:3,(anonymous_3)
FNDA:2,(anonymous_4)
FNDA:3,(anonymous_5)
DA:1,3
DA:2,3
DA:3,3
DA:9,3
DA:14,3
DA:20,3
DA:22,3
DA:26,3
DA:28,2
DA:29,3
DA:31,3
DA:32,3
DA:35,3
LF:13
LH:13
BRDA:32,0,0,2
BRDA:32,0,1,1
BRDA:32,1,0,3
BRDA:32,1,1,3
BRF:4
BRH:4
end_of_record
TN:
SF:src\models\Expense.ts
FN:20,(anonymous_3)
FN:23,(anonymous_4)
FNF:2
FNH:2
FNDA:2,(anonymous_3)
FNDA:2,(anonymous_4)
DA:1,3
DA:2,3
DA:7,3
DA:12,3
DA:18,3
DA:20,2
DA:21,3
DA:23,2
DA:24,3
DA:27,3
LF:10
LH:10
BRDA:24,0,0,0
BRDA:24,0,1,3
BRDA:24,1,0,3
BRDA:24,1,1,1
BRF:4
BRH:3
end_of_record
TN:
SF:src\models\User.ts
FN:38,(anonymous_3)
FNF:1
FNH:1
FNDA:2,(anonymous_3)
DA:1,3
DA:2,3
DA:7,3
DA:12,3
DA:18,3
DA:25,3
DA:30,3
DA:36,3
DA:38,2
DA:42,3
DA:45,3
LF:11
LH:11
BRF:0
BRH:0
end_of_record
TN:
SF:src\routes\authRouter.ts
FNF:0
FNH:0
DA:1,1
DA:2,1
DA:3,1
DA:4,1
DA:5,1
DA:6,1
DA:8,1
DA:10,1
DA:21,1
DA:30,1
DA:40,1
DA:47,1
DA:57,1
DA:68,1
DA:73,1
DA:83,1
DA:91,1
LF:17
LH:17
BRF:0
BRH:0
end_of_record
TN:
SF:src\routes\budgetRouter.ts
FNF:0
FNH:0
DA:1,1
DA:2,1
DA:3,1
DA:4,1
DA:5,1
DA:6,1
DA:7,1
DA:9,1
DA:11,1
DA:13,1
DA:14,1
DA:16,1
DA:17,1
DA:18,1
DA:20,1
DA:21,1
DA:23,1
DA:24,1
DA:25,1
DA:28,1
DA:33,1
DA:34,1
DA:39,1
DA:41,1
LF:24
LH:24
BRF:0
BRH:0
end_of_record
TN:
SF:src\tests\mocks\budgets.ts
FNF:0
FNH:0
DA:1,3
LF:1
LH:1
BRF:0
BRH:0
end_of_record
TN:
SF:src\tests\mocks\expense.ts
FNF:0
FNH:0
DA:1,2
LF:1
LH:1
BRF:0
BRH:0
end_of_record
TN:
SF:src\utils\auth.ts
FN:3,(anonymous_1)
FN:8,(anonymous_2)
FNF:2
FNH:2
FNDA:1,(anonymous_1)
FNDA:5,(anonymous_2)
DA:1,2
DA:3,2
DA:4,1
DA:5,1
DA:8,2
DA:9,5
LF:6
LH:6
BRF:0
BRH:0
end_of_record
TN:
SF:src\utils\jwt.ts
FN:3,(anonymous_1)
FNF:1
FNH:1
FNDA:5,(anonymous_1)
DA:1,2
DA:3,2
DA:4,5
DA:7,5
LF:4
LH:4
BRF:0
BRH:0
end_of_record
TN:
SF:src\utils\token.ts
FN:1,(anonymous_0)
FNF:1
FNH:1
FNDA:1,(anonymous_0)
DA:1,2
LF:1
LH:1
BRF:0
BRH:0
end_of_record
